[+] Containers:
 |- [+] Container: /Game/FirstPerson/Maps/FirstPersonMap_2
 |   |- [+] ActorDescs:
 |   |   |- Guid:028957C34E05CC229B3B248E1C5679DD BaseClass: NativeClass:/Script/Engine.StaticMeshActor Name:StaticMeshActor_3 Label:SM_Cube2 SpatiallyLoaded:1 Bounds:IsValid=true, Min=(X=0.000 Y=0.000 Z=0.000), Max=(X=4854.423 Y=100.000 Z=400.000) RuntimeGrid:None EditorOnly:0 RuntimeOnly:0 HLODRelevant:1 FolderPath:Playground FolderGuid:6C02BB504B69D1F3D7A624B130C18E5B
 |   |   |- Guid:205EB5B14E79A726DC2D8BA37547E26C BaseClass:/Game/FirstPerson/Blueprints/ElecticBoxBP.ElecticBoxBP_C NativeClass:/Script/Engine.Actor Name:ElecticBoxBP_C_UAID_9C29767F240B5E6301_1351997249 Label:ElecticBoxBP SpatiallyLoaded:1 Bounds:IsValid=true, Min=(X=98.125 Y=369.375 Z=0.000), Max=(X=169.839 Y=500.625 Z=175.000) RuntimeGrid:None EditorOnly:0 RuntimeOnly:0 HLODRelevant:0
 |   |   |- Guid:2155281E4AF081636F8D8C9464B67502 BaseClass: NativeClass:/Script/Engine.PostProcessVolume Name:PostProcessVolume_0 Label:PostProcessVolume SpatiallyLoaded:0 Bounds:IsValid=true, Min=(X=0.000 Y=0.000 Z=400.000), Max=(X=200.000 Y=200.000 Z=600.000) RuntimeGrid:None EditorOnly:0 RuntimeOnly:0 HLODRelevant:0 FolderPath:Lighting FolderGuid:0BA5F0A04EADB18E70D5B180D08FA34B
 |   |   |- Guid:247CD91A4D0E5A8FDA9654A3C27FBDA8 BaseClass: NativeClass:/Script/Engine.StaticMeshActor Name:StaticMeshActor_UAID_A4AE111137DC5EFB00_2001720423 Label:SM_SkySphere SpatiallyLoaded:0 Bounds:IsValid=true, Min=(X=-1638400.000 Y=-1638400.000 Z=-1638400.000), Max=(X=1638400.000 Y=1638400.000 Z=1638400.000) RuntimeGrid:None EditorOnly:0 RuntimeOnly:0 HLODRelevant:1 FolderPath:Lighting FolderGuid:0BA5F0A04EADB18E70D5B180D08FA34B
 |   |   |- Guid:2F9B6CB4478EF5AED1318C897B2EFDCF BaseClass: NativeClass:/Script/Engine.StaticMeshActor Name:StaticMeshActor_4 Label:SM_Cube3 SpatiallyLoaded:1 Bounds:IsValid=true, Min=(X=0.000 Y=5240.000 Z=0.000), Max=(X=4728.157 Y=5340.000 Z=400.000) RuntimeGrid:None EditorOnly:0 RuntimeOnly:0 HLODRelevant:1 FolderPath:Playground FolderGuid:6C02BB504B69D1F3D7A624B130C18E5B
 |   |   |- Guid:44A7FC74411A8270F78076806734C9D2 BaseClass: NativeClass:/Script/Engine.StaticMeshActor Name:StaticMeshActor_UAID_9C29767F240B8D6301_1909044521 Label:SM_QuarterCylinder2 SpatiallyLoaded:1 Bounds:IsValid=true, Min=(X=1519.995 Y=1395.000 Z=0.000), Max=(X=1965.000 Y=1804.523 Z=400.923) RuntimeGrid:None EditorOnly:0 RuntimeOnly:0 HLODRelevant:1
 |   |   |- Guid:4FB0E8574A575FD7171312AA1AD22943 BaseClass: NativeClass:/Script/Engine.StaticMeshActor Name:StaticMeshActor_UAID_9C29767F240B8E6301_1090219700 Label:SM_Cube9 SpatiallyLoaded:1 Bounds:IsValid=true, Min=(X=3590.000 Y=3665.000 Z=0.000), Max=(X=4747.386 Y=4074.762 Z=392.524) RuntimeGrid:None EditorOnly:0 RuntimeOnly:0 HLODRelevant:1
 |   |   |- Guid:580A54994BA73A97BFBAAE967C361A29 BaseClass: NativeClass:/Script/Engine.SkyAtmosphere Name:SkyAtmosphere_0 Label:SkyAtmosphere SpatiallyLoaded:0 Bounds:IsValid=true, Min=(X=0.000 Y=0.000 Z=1020.000), Max=(X=0.000 Y=0.000 Z=1020.000) RuntimeGrid:None EditorOnly:0 RuntimeOnly:0 HLODRelevant:0 FolderPath:Lighting FolderGuid:0BA5F0A04EADB18E70D5B180D08FA34B
 |   |   |- Guid:64362C8D4FAAFB648CA557862C74DAE5 BaseClass: NativeClass:/Script/Engine.StaticMeshActor Name:StaticMeshActor_9 Label:SM_Cube5 SpatiallyLoaded:1 Bounds:IsValid=true, Min=(X=-0.000 Y=100.000 Z=0.000), Max=(X=100.000 Y=5240.041 Z=400.000) RuntimeGrid:None EditorOnly:0 RuntimeOnly:0 HLODRelevant:1 FolderPath:Playground FolderGuid:6C02BB504B69D1F3D7A624B130C18E5B
 |   |   |- Guid:653299BC4607E6A50F304ABFF3198FC9 BaseClass: NativeClass:/Script/Engine.VolumetricCloud Name:VolumetricCloud_0 Label:VolumetricCloud SpatiallyLoaded:0 Bounds:IsValid=true, Min=(X=0.000 Y=0.000 Z=820.000), Max=(X=0.000 Y=0.000 Z=820.000) RuntimeGrid:None EditorOnly:0 RuntimeOnly:0 HLODRelevant:0 FolderPath:Lighting FolderGuid:0BA5F0A04EADB18E70D5B180D08FA34B
 |   |   |- Guid:702A5C90439BD004E7325B9351AC27B5 BaseClass: NativeClass:/Script/Engine.StaticMeshActor Name:StaticMeshActor_10 Label:SM_Cube6 SpatiallyLoaded:1 Bounds:IsValid=true, Min=(X=4730.000 Y=100.000 Z=0.000), Max=(X=4830.000 Y=5344.632 Z=400.000) RuntimeGrid:None EditorOnly:0 RuntimeOnly:0 HLODRelevant:1 FolderPath:Playground FolderGuid:6C02BB504B69D1F3D7A624B130C18E5B
 |   |   |- Guid:7CDBDF0B451FF53549DA199E7CF31EA1 BaseClass: NativeClass:/Script/Engine.TextRenderActor Name:TextRenderActor_UAID_9C29767F240B936301_1597830582 Label:TextRenderActor2 SpatiallyLoaded:1 Bounds:IsValid=true, Min=(X=105.000 Y=4561.505 Z=240.000), Max=(X=105.000 Y=4710.000 Z=276.423) RuntimeGrid:None EditorOnly:0 RuntimeOnly:0 HLODRelevant:0 Parent:BB8B2C4A46AE69673CF85898791F6083
 |   |   |- Guid:82045B1C42855FDBE27EA390C2039968 BaseClass: NativeClass:/Script/Engine.StaticMeshActor Name:StaticMeshActor_UAID_9C29767F240B8D6301_1835365520 Label:SM_QuarterCylinder SpatiallyLoaded:1 Bounds:IsValid=true, Min=(X=1965.000 Y=1395.000 Z=0.000), Max=(X=2374.523 Y=1804.523 Z=400.923) RuntimeGrid:None EditorOnly:0 RuntimeOnly:0 HLODRelevant:1
 |   |   |- Guid:89F4D1234E4EA2C94D9AAFA2D80B2FF2 BaseClass: NativeClass:/Script/Engine.StaticMeshActor Name:StaticMeshActor_UAID_9C29767F240B8D6301_1778639519 Label:SM_Cube4 SpatiallyLoaded:1 Bounds:IsValid=true, Min=(X=1520.000 Y=90.000 Z=0.000), Max=(X=2374.731 Y=1394.695 Z=403.577) RuntimeGrid:None EditorOnly:0 RuntimeOnly:0 HLODRelevant:1
 |   |   |- Guid:92967FC141257408B7B14B9C79A59DB8 BaseClass: NativeClass:/Script/Engine.ExponentialHeightFog Name:ExponentialHeightFog_0 Label:ExponentialHeightFog SpatiallyLoaded:0 Bounds:IsValid=true, Min=(X=-5600.000 Y=-50.000 Z=-6850.000), Max=(X=-5600.000 Y=-50.000 Z=-6850.000) RuntimeGrid:None EditorOnly:0 RuntimeOnly:0 HLODRelevant:0 FolderPath:Lighting FolderGuid:0BA5F0A04EADB18E70D5B180D08FA34B
 |   |   |- Guid:A37B299B4F29B72B14B820BF077D3210 BaseClass: NativeClass:/Script/Engine.WorldDataLayers Name:WorldDataLayers Label:WorldDataLayers SpatiallyLoaded:0 Bounds:IsValid=true, Min=(X=0.000 Y=0.000 Z=0.000), Max=(X=0.000 Y=0.000 Z=0.000) RuntimeGrid:None EditorOnly:0 RuntimeOnly:0 HLODRelevant:0
 |   |   |- Guid:BB8B2C4A46AE69673CF85898791F6083 BaseClass:/Game/FirstPerson/Blueprints/NextLevel.NextLevel_C NativeClass:/Script/Engine.Actor Name:NextLevel_C_UAID_9C29767F240B936301_1571718581 Label:NextLevel SpatiallyLoaded:1 Bounds:IsValid=true, Min=(X=0.000 Y=0.000 Z=0.000), Max=(X=0.000 Y=0.000 Z=0.000) RuntimeGrid:None EditorOnly:0 RuntimeOnly:0 HLODRelevant:0
 |   |   |- Guid:C3652D2E48D6A5095F4461AA8A9CC301 BaseClass: NativeClass:/Script/Engine.PlayerStart Name:PlayerStart_0 Label:PlayerStart SpatiallyLoaded:0 Bounds:IsValid=true, Min=(X=860.000 Y=415.000 Z=0.013), Max=(X=940.000 Y=495.000 Z=184.013) RuntimeGrid:None EditorOnly:0 RuntimeOnly:0 HLODRelevant:0
 |   |   |- Guid:D26AD5104FE23488848C9CBCF258CDB5 BaseClass: NativeClass:/Script/Engine.StaticMeshActor Name:StaticMeshActor_UAID_9C29767F240B8D6301_2089441523 Label:SM_Cube8 SpatiallyLoaded:1 Bounds:IsValid=true, Min=(X=95.000 Y=3610.000 Z=0.000), Max=(X=2777.074 Y=4166.715 Z=395.779) RuntimeGrid:None EditorOnly:0 RuntimeOnly:0 HLODRelevant:1
 |   |   |- Guid:D57B30A9450B3E8D35AA15814FBE05C0 BaseClass: NativeClass:/Script/Engine.TextRenderActor Name:TextRenderActor_1 Label:TextRenderActor SpatiallyLoaded:1 Bounds:IsValid=true, Min=(X=-0.100 Y=1100.000 Z=65.013), Max=(X=-0.100 Y=2363.461 Z=215.013) RuntimeGrid:None EditorOnly:0 RuntimeOnly:0 HLODRelevant:0
 |   |   |- Guid:DBD44262462CE30BA365B7B5E150F2B9 BaseClass:/Game/FirstPerson/Blueprints/ControlerBox.ControlerBox_C NativeClass:/Script/Engine.Actor Name:ControlerBox_C_UAID_9C29767F240B636301_2140604127 Label:ControlerBox SpatiallyLoaded:1 Bounds:IsValid=true, Min=(X=0.000 Y=0.000 Z=0.000), Max=(X=0.000 Y=0.000 Z=0.000) RuntimeGrid:None EditorOnly:0 RuntimeOnly:0 HLODRelevant:0
 |   |   |- Guid:DD5E3A18451C8529A9A0958D0E159331 BaseClass: NativeClass:/Script/Engine.SkyLight Name:SkyLight_0 Label:SkyLight SpatiallyLoaded:0 Bounds:IsValid=true, Min=(X=0.000 Y=0.000 Z=690.000), Max=(X=0.000 Y=0.000 Z=690.000) RuntimeGrid:None EditorOnly:0 RuntimeOnly:0 HLODRelevant:0 FolderPath:Lighting FolderGuid:0BA5F0A04EADB18E70D5B180D08FA34B
 |   |   |- Guid:E15484C149AFF56779B738A1E9EFFF7B BaseClass: NativeClass:/Script/Engine.StaticMeshActor Name:StaticMeshActor_UAID_9C29767F240B8D6301_2005461522 Label:SM_Cube7 SpatiallyLoaded:1 Bounds:IsValid=true, Min=(X=1970.000 Y=2655.000 Z=0.000), Max=(X=4767.301 Y=2965.064 Z=393.296) RuntimeGrid:None EditorOnly:0 RuntimeOnly:0 HLODRelevant:1
 |   |   |- Guid:F1A256984B63E552997A9DB12429F3BA BaseClass: NativeClass:/Script/Engine.DirectionalLight Name:DirectionalLight_1 Label:DirectionalLight SpatiallyLoaded:0 Bounds:IsValid=true, Min=(X=-4398046511104.000 Y=-4398046511104.000 Z=-4398046511104.000), Max=(X=4398046511104.000 Y=4398046511104.000 Z=4398046511104.000) RuntimeGrid:None EditorOnly:0 RuntimeOnly:0 HLODRelevant:0 FolderPath:Lighting FolderGuid:0BA5F0A04EADB18E70D5B180D08FA34B
 |   |   |- Guid:FB04440744D153A8F987ADB86BFB8E80 BaseClass: NativeClass:/Script/Engine.StaticMeshActor Name:StaticMeshActor_0 Label:SM_Cube SpatiallyLoaded:1 Bounds:IsValid=true, Min=(X=0.000 Y=0.000 Z=-50.000), Max=(X=4844.540 Y=5344.540 Z=0.000) RuntimeGrid:None EditorOnly:0 RuntimeOnly:0 HLODRelevant:1 FolderPath:Playground FolderGuid:6C02BB504B69D1F3D7A624B130C18E5B
 |   |- [+] Clusters:
 |   |   |- [+] [  0]
 |   |   |   |- Guid:205EB5B14E79A726DC2D8BA37547E26C BaseClass:/Game/FirstPerson/Blueprints/ElecticBoxBP.ElecticBoxBP_C NativeClass:/Script/Engine.Actor Name:ElecticBoxBP_C_UAID_9C29767F240B5E6301_1351997249 Label:ElecticBoxBP SpatiallyLoaded:1 Bounds:IsValid=true, Min=(X=98.125 Y=369.375 Z=0.000), Max=(X=169.839 Y=500.625 Z=175.000) RuntimeGrid:None EditorOnly:0 RuntimeOnly:0 HLODRelevant:0
 |   |   |- [+] [  1]
 |   |   |   |- Guid:F1A256984B63E552997A9DB12429F3BA BaseClass: NativeClass:/Script/Engine.DirectionalLight Name:DirectionalLight_1 Label:DirectionalLight SpatiallyLoaded:0 Bounds:IsValid=true, Min=(X=-4398046511104.000 Y=-4398046511104.000 Z=-4398046511104.000), Max=(X=4398046511104.000 Y=4398046511104.000 Z=4398046511104.000) RuntimeGrid:None EditorOnly:0 RuntimeOnly:0 HLODRelevant:0 FolderPath:Lighting FolderGuid:0BA5F0A04EADB18E70D5B180D08FA34B
 |   |   |- [+] [  2]
 |   |   |   |- Guid:702A5C90439BD004E7325B9351AC27B5 BaseClass: NativeClass:/Script/Engine.StaticMeshActor Name:StaticMeshActor_10 Label:SM_Cube6 SpatiallyLoaded:1 Bounds:IsValid=true, Min=(X=4730.000 Y=100.000 Z=0.000), Max=(X=4830.000 Y=5344.632 Z=400.000) RuntimeGrid:None EditorOnly:0 RuntimeOnly:0 HLODRelevant:1 FolderPath:Playground FolderGuid:6C02BB504B69D1F3D7A624B130C18E5B
 |   |   |- [+] [  3]
 |   |   |   |- Guid:DBD44262462CE30BA365B7B5E150F2B9 BaseClass:/Game/FirstPerson/Blueprints/ControlerBox.ControlerBox_C NativeClass:/Script/Engine.Actor Name:ControlerBox_C_UAID_9C29767F240B636301_2140604127 Label:ControlerBox SpatiallyLoaded:1 Bounds:IsValid=true, Min=(X=0.000 Y=0.000 Z=0.000), Max=(X=0.000 Y=0.000 Z=0.000) RuntimeGrid:None EditorOnly:0 RuntimeOnly:0 HLODRelevant:0
 |   |   |- [+] [  4]
 |   |   |   |- Guid:D57B30A9450B3E8D35AA15814FBE05C0 BaseClass: NativeClass:/Script/Engine.TextRenderActor Name:TextRenderActor_1 Label:TextRenderActor SpatiallyLoaded:1 Bounds:IsValid=true, Min=(X=-0.100 Y=1100.000 Z=65.013), Max=(X=-0.100 Y=2363.461 Z=215.013) RuntimeGrid:None EditorOnly:0 RuntimeOnly:0 HLODRelevant:0
 |   |   |- [+] [  5]
 |   |   |   |- Guid:2155281E4AF081636F8D8C9464B67502 BaseClass: NativeClass:/Script/Engine.PostProcessVolume Name:PostProcessVolume_0 Label:PostProcessVolume SpatiallyLoaded:0 Bounds:IsValid=true, Min=(X=0.000 Y=0.000 Z=400.000), Max=(X=200.000 Y=200.000 Z=600.000) RuntimeGrid:None EditorOnly:0 RuntimeOnly:0 HLODRelevant:0 FolderPath:Lighting FolderGuid:0BA5F0A04EADB18E70D5B180D08FA34B
 |   |   |- [+] [  6]
 |   |   |   |- Guid:A37B299B4F29B72B14B820BF077D3210 BaseClass: NativeClass:/Script/Engine.WorldDataLayers Name:WorldDataLayers Label:WorldDataLayers SpatiallyLoaded:0 Bounds:IsValid=true, Min=(X=0.000 Y=0.000 Z=0.000), Max=(X=0.000 Y=0.000 Z=0.000) RuntimeGrid:None EditorOnly:0 RuntimeOnly:0 HLODRelevant:0
 |   |   |- [+] [  7]
 |   |   |   |- Guid:89F4D1234E4EA2C94D9AAFA2D80B2FF2 BaseClass: NativeClass:/Script/Engine.StaticMeshActor Name:StaticMeshActor_UAID_9C29767F240B8D6301_1778639519 Label:SM_Cube4 SpatiallyLoaded:1 Bounds:IsValid=true, Min=(X=1520.000 Y=90.000 Z=0.000), Max=(X=2374.731 Y=1394.695 Z=403.577) RuntimeGrid:None EditorOnly:0 RuntimeOnly:0 HLODRelevant:1
 |   |   |- [+] [  8]
 |   |   |   |- Guid:580A54994BA73A97BFBAAE967C361A29 BaseClass: NativeClass:/Script/Engine.SkyAtmosphere Name:SkyAtmosphere_0 Label:SkyAtmosphere SpatiallyLoaded:0 Bounds:IsValid=true, Min=(X=0.000 Y=0.000 Z=1020.000), Max=(X=0.000 Y=0.000 Z=1020.000) RuntimeGrid:None EditorOnly:0 RuntimeOnly:0 HLODRelevant:0 FolderPath:Lighting FolderGuid:0BA5F0A04EADB18E70D5B180D08FA34B
 |   |   |- [+] [  9]
 |   |   |   |- Guid:028957C34E05CC229B3B248E1C5679DD BaseClass: NativeClass:/Script/Engine.StaticMeshActor Name:StaticMeshActor_3 Label:SM_Cube2 SpatiallyLoaded:1 Bounds:IsValid=true, Min=(X=0.000 Y=0.000 Z=0.000), Max=(X=4854.423 Y=100.000 Z=400.000) RuntimeGrid:None EditorOnly:0 RuntimeOnly:0 HLODRelevant:1 FolderPath:Playground FolderGuid:6C02BB504B69D1F3D7A624B130C18E5B
 |   |   |- [+] [ 10]
 |   |   |   |- Guid:7CDBDF0B451FF53549DA199E7CF31EA1 BaseClass: NativeClass:/Script/Engine.TextRenderActor Name:TextRenderActor_UAID_9C29767F240B936301_1597830582 Label:TextRenderActor2 SpatiallyLoaded:1 Bounds:IsValid=true, Min=(X=105.000 Y=4561.505 Z=240.000), Max=(X=105.000 Y=4710.000 Z=276.423) RuntimeGrid:None EditorOnly:0 RuntimeOnly:0 HLODRelevant:0 Parent:BB8B2C4A46AE69673CF85898791F6083
 |   |   |   |- Guid:BB8B2C4A46AE69673CF85898791F6083 BaseClass:/Game/FirstPerson/Blueprints/NextLevel.NextLevel_C NativeClass:/Script/Engine.Actor Name:NextLevel_C_UAID_9C29767F240B936301_1571718581 Label:NextLevel SpatiallyLoaded:1 Bounds:IsValid=true, Min=(X=0.000 Y=0.000 Z=0.000), Max=(X=0.000 Y=0.000 Z=0.000) RuntimeGrid:None EditorOnly:0 RuntimeOnly:0 HLODRelevant:0
 |   |   |- [+] [ 11]
 |   |   |   |- Guid:E15484C149AFF56779B738A1E9EFFF7B BaseClass: NativeClass:/Script/Engine.StaticMeshActor Name:StaticMeshActor_UAID_9C29767F240B8D6301_2005461522 Label:SM_Cube7 SpatiallyLoaded:1 Bounds:IsValid=true, Min=(X=1970.000 Y=2655.000 Z=0.000), Max=(X=4767.301 Y=2965.064 Z=393.296) RuntimeGrid:None EditorOnly:0 RuntimeOnly:0 HLODRelevant:1
 |   |   |- [+] [ 12]
 |   |   |   |- Guid:64362C8D4FAAFB648CA557862C74DAE5 BaseClass: NativeClass:/Script/Engine.StaticMeshActor Name:StaticMeshActor_9 Label:SM_Cube5 SpatiallyLoaded:1 Bounds:IsValid=true, Min=(X=-0.000 Y=100.000 Z=0.000), Max=(X=100.000 Y=5240.041 Z=400.000) RuntimeGrid:None EditorOnly:0 RuntimeOnly:0 HLODRelevant:1 FolderPath:Playground FolderGuid:6C02BB504B69D1F3D7A624B130C18E5B
 |   |   |- [+] [ 13]
 |   |   |   |- Guid:FB04440744D153A8F987ADB86BFB8E80 BaseClass: NativeClass:/Script/Engine.StaticMeshActor Name:StaticMeshActor_0 Label:SM_Cube SpatiallyLoaded:1 Bounds:IsValid=true, Min=(X=0.000 Y=0.000 Z=-50.000), Max=(X=4844.540 Y=5344.540 Z=0.000) RuntimeGrid:None EditorOnly:0 RuntimeOnly:0 HLODRelevant:1 FolderPath:Playground FolderGuid:6C02BB504B69D1F3D7A624B130C18E5B
 |   |   |- [+] [ 14]
 |   |   |   |- Guid:4FB0E8574A575FD7171312AA1AD22943 BaseClass: NativeClass:/Script/Engine.StaticMeshActor Name:StaticMeshActor_UAID_9C29767F240B8E6301_1090219700 Label:SM_Cube9 SpatiallyLoaded:1 Bounds:IsValid=true, Min=(X=3590.000 Y=3665.000 Z=0.000), Max=(X=4747.386 Y=4074.762 Z=392.524) RuntimeGrid:None EditorOnly:0 RuntimeOnly:0 HLODRelevant:1
 |   |   |- [+] [ 15]
 |   |   |   |- Guid:D26AD5104FE23488848C9CBCF258CDB5 BaseClass: NativeClass:/Script/Engine.StaticMeshActor Name:StaticMeshActor_UAID_9C29767F240B8D6301_2089441523 Label:SM_Cube8 SpatiallyLoaded:1 Bounds:IsValid=true, Min=(X=95.000 Y=3610.000 Z=0.000), Max=(X=2777.074 Y=4166.715 Z=395.779) RuntimeGrid:None EditorOnly:0 RuntimeOnly:0 HLODRelevant:1
 |   |   |- [+] [ 16]
 |   |   |   |- Guid:92967FC141257408B7B14B9C79A59DB8 BaseClass: NativeClass:/Script/Engine.ExponentialHeightFog Name:ExponentialHeightFog_0 Label:ExponentialHeightFog SpatiallyLoaded:0 Bounds:IsValid=true, Min=(X=-5600.000 Y=-50.000 Z=-6850.000), Max=(X=-5600.000 Y=-50.000 Z=-6850.000) RuntimeGrid:None EditorOnly:0 RuntimeOnly:0 HLODRelevant:0 FolderPath:Lighting FolderGuid:0BA5F0A04EADB18E70D5B180D08FA34B
 |   |   |- [+] [ 17]
 |   |   |   |- Guid:44A7FC74411A8270F78076806734C9D2 BaseClass: NativeClass:/Script/Engine.StaticMeshActor Name:StaticMeshActor_UAID_9C29767F240B8D6301_1909044521 Label:SM_QuarterCylinder2 SpatiallyLoaded:1 Bounds:IsValid=true, Min=(X=1519.995 Y=1395.000 Z=0.000), Max=(X=1965.000 Y=1804.523 Z=400.923) RuntimeGrid:None EditorOnly:0 RuntimeOnly:0 HLODRelevant:1
 |   |   |- [+] [ 18]
 |   |   |   |- Guid:C3652D2E48D6A5095F4461AA8A9CC301 BaseClass: NativeClass:/Script/Engine.PlayerStart Name:PlayerStart_0 Label:PlayerStart SpatiallyLoaded:0 Bounds:IsValid=true, Min=(X=860.000 Y=415.000 Z=0.013), Max=(X=940.000 Y=495.000 Z=184.013) RuntimeGrid:None EditorOnly:0 RuntimeOnly:0 HLODRelevant:0
 |   |   |- [+] [ 19]
 |   |   |   |- Guid:DD5E3A18451C8529A9A0958D0E159331 BaseClass: NativeClass:/Script/Engine.SkyLight Name:SkyLight_0 Label:SkyLight SpatiallyLoaded:0 Bounds:IsValid=true, Min=(X=0.000 Y=0.000 Z=690.000), Max=(X=0.000 Y=0.000 Z=690.000) RuntimeGrid:None EditorOnly:0 RuntimeOnly:0 HLODRelevant:0 FolderPath:Lighting FolderGuid:0BA5F0A04EADB18E70D5B180D08FA34B
 |   |   |- [+] [ 20]
 |   |   |   |- Guid:247CD91A4D0E5A8FDA9654A3C27FBDA8 BaseClass: NativeClass:/Script/Engine.StaticMeshActor Name:StaticMeshActor_UAID_A4AE111137DC5EFB00_2001720423 Label:SM_SkySphere SpatiallyLoaded:0 Bounds:IsValid=true, Min=(X=-1638400.000 Y=-1638400.000 Z=-1638400.000), Max=(X=1638400.000 Y=1638400.000 Z=1638400.000) RuntimeGrid:None EditorOnly:0 RuntimeOnly:0 HLODRelevant:1 FolderPath:Lighting FolderGuid:0BA5F0A04EADB18E70D5B180D08FA34B
 |   |   |- [+] [ 21]
 |   |   |   |- Guid:2F9B6CB4478EF5AED1318C897B2EFDCF BaseClass: NativeClass:/Script/Engine.StaticMeshActor Name:StaticMeshActor_4 Label:SM_Cube3 SpatiallyLoaded:1 Bounds:IsValid=true, Min=(X=0.000 Y=5240.000 Z=0.000), Max=(X=4728.157 Y=5340.000 Z=400.000) RuntimeGrid:None EditorOnly:0 RuntimeOnly:0 HLODRelevant:1 FolderPath:Playground FolderGuid:6C02BB504B69D1F3D7A624B130C18E5B
 |   |   |- [+] [ 22]
 |   |   |   |- Guid:82045B1C42855FDBE27EA390C2039968 BaseClass: NativeClass:/Script/Engine.StaticMeshActor Name:StaticMeshActor_UAID_9C29767F240B8D6301_1835365520 Label:SM_QuarterCylinder SpatiallyLoaded:1 Bounds:IsValid=true, Min=(X=1965.000 Y=1395.000 Z=0.000), Max=(X=2374.523 Y=1804.523 Z=400.923) RuntimeGrid:None EditorOnly:0 RuntimeOnly:0 HLODRelevant:1
 |   |   |- [+] [ 23]
 |   |   |   |- Guid:653299BC4607E6A50F304ABFF3198FC9 BaseClass: NativeClass:/Script/Engine.VolumetricCloud Name:VolumetricCloud_0 Label:VolumetricCloud SpatiallyLoaded:0 Bounds:IsValid=true, Min=(X=0.000 Y=0.000 Z=820.000), Max=(X=0.000 Y=0.000 Z=820.000) RuntimeGrid:None EditorOnly:0 RuntimeOnly:0 HLODRelevant:0 FolderPath:Lighting FolderGuid:0BA5F0A04EADB18E70D5B180D08FA34B
 |- ContainerInstances:
 |- [+] MainContainer:
 |   |-        ID: 0x0000000000000000
 |   |-    Bounds: IsValid=false, Min=(X=0.000 Y=0.000 Z=0.000), Max=(X=0.000 Y=0.000 Z=0.000)
 |   |- Transform: 0.000000,0.000000,0.000000|0.000000,0.000000,-0.000000|1.000000,1.000000,1.000000
 |   |- Container: /Game/FirstPerson/Maps/FirstPersonMap_2
----------------------------------------------------------------------------------------------------------------
FirstPersonMap_2 - Persistent Level
----------------------------------------------------------------------------------------------------------------
Always loaded Actor Count: 5 

----------------------------------------------------------------------------------------------------------------
FirstPersonMap_2 - Runtime Spatial Hash - Streaming Grid - MainGrid
----------------------------------------------------------------------------------------------------------------
            Origin: X=0.000 Y=0.000 Z=0.000
         Cell Size: 12800
      World Bounds: IsValid=false, Min=(X=0.000 Y=0.000 Z=0.000), Max=(X=0.000 Y=0.000 Z=0.000)
     Loading Range: 25600.00
Block Slow Loading: No
 ClientOnlyVisible: No

[+] Grid Levels: 1
 |- Level  0: Cell Count    1 | Cell Size   12800 | Actor Count   25 (100.0%)

[+] Content of Grid Level 0
 |- [+] Content of Cell MainGrid_L0_X0_Y0
 |   |- Actor Count: 25
 |   |- MinMaxZ: X=-4398046511104.000 Y=4398046511104.000
 |   |- Actor Path: /Game/FirstPerson/Maps/FirstPersonMap_2.FirstPersonMap_2:PersistentLevel.ElecticBoxBP_C_UAID_9C29767F240B5E6301_1351997249
 |   |- Actor Package: /Game/__ExternalActors__/FirstPerson/Maps/FirstPersonMap_2/0/83/02TZEUNG7DJ9HC2M030RP4
 |   |- Actor Path: /Game/FirstPerson/Maps/FirstPersonMap_2.FirstPersonMap_2:PersistentLevel.DirectionalLight_1
 |   |- Actor Package: /Game/__ExternalActors__/FirstPerson/Maps/FirstPersonMap_2/0/JK/GLXHZ9UAN2630LYNCFLA1W
 |   |- Actor Path: /Game/FirstPerson/Maps/FirstPersonMap_2.FirstPersonMap_2:PersistentLevel.StaticMeshActor_10
 |   |- Actor Package: /Game/__ExternalActors__/FirstPerson/Maps/FirstPersonMap_2/0/LH/BRPFOE1DP8MH0KOJRTZWXW
 |   |- Actor Path: /Game/FirstPerson/Maps/FirstPersonMap_2.FirstPersonMap_2:PersistentLevel.ControlerBox_C_UAID_9C29767F240B636301_2140604127
 |   |- Actor Package: /Game/__ExternalActors__/FirstPerson/Maps/FirstPersonMap_2/0/VJ/CW38X45A5FKMX9RPKS99T9
 |   |- Actor Path: /Game/FirstPerson/Maps/FirstPersonMap_2.FirstPersonMap_2:PersistentLevel.TextRenderActor_1
 |   |- Actor Package: /Game/__ExternalActors__/FirstPerson/Maps/FirstPersonMap_2/1/W0/HUGXMJA6XH1A4C750CFPOZ
 |   |- Actor Path: /Game/FirstPerson/Maps/FirstPersonMap_2.FirstPersonMap_2:PersistentLevel.PostProcessVolume_0
 |   |- Actor Package: /Game/__ExternalActors__/FirstPerson/Maps/FirstPersonMap_2/2/A6/9NQ8M6V0MBBMEYB4FRK1QD
 |   |- Actor Path: /Game/FirstPerson/Maps/FirstPersonMap_2.FirstPersonMap_2:PersistentLevel.WorldDataLayers
 |   |- Actor Package: /Game/__ExternalActors__/FirstPerson/Maps/FirstPersonMap_2/2/V2/LRE60WR8STSGQIFGDLZ026
 |   |- Actor Path: /Game/FirstPerson/Maps/FirstPersonMap_2.FirstPersonMap_2:PersistentLevel.StaticMeshActor_UAID_9C29767F240B8D6301_1778639519
 |   |- Actor Package: /Game/__ExternalActors__/FirstPerson/Maps/FirstPersonMap_2/3/NA/0KT0USUECCBOE6KKQIOBRK
 |   |- Actor Path: /Game/FirstPerson/Maps/FirstPersonMap_2.FirstPersonMap_2:PersistentLevel.SkyAtmosphere_0
 |   |- Actor Package: /Game/__ExternalActors__/FirstPerson/Maps/FirstPersonMap_2/3/OY/6Q6AF2NQFM2EMEWQ7OPUW5
 |   |- Actor Path: /Game/FirstPerson/Maps/FirstPersonMap_2.FirstPersonMap_2:PersistentLevel.StaticMeshActor_3
 |   |- Actor Package: /Game/__ExternalActors__/FirstPerson/Maps/FirstPersonMap_2/4/O4/B867K033O8HMNR4HWI3VDG
 |   |- Actor Path: /Game/FirstPerson/Maps/FirstPersonMap_2.FirstPersonMap_2:PersistentLevel.TextRenderActor_UAID_9C29767F240B936301_1597830582
 |   |- Actor Package: /Game/__ExternalActors__/FirstPerson/Maps/FirstPersonMap_2/5/BF/SMK22FJF0MB7Z8EKS52ARF
 |   |- Actor Path: /Game/FirstPerson/Maps/FirstPersonMap_2.FirstPersonMap_2:PersistentLevel.NextLevel_C_UAID_9C29767F240B936301_1571718581
 |   |- Actor Package: /Game/__ExternalActors__/FirstPerson/Maps/FirstPersonMap_2/E/2Z/ZWMZRPPH922VIVNMI2A2OI
 |   |- Actor Path: /Game/FirstPerson/Maps/FirstPersonMap_2.FirstPersonMap_2:PersistentLevel.StaticMeshActor_UAID_9C29767F240B8D6301_2005461522
 |   |- Actor Package: /Game/__ExternalActors__/FirstPerson/Maps/FirstPersonMap_2/7/WN/2RMJR5O563JMJ454S6UO3A
 |   |- Actor Path: /Game/FirstPerson/Maps/FirstPersonMap_2.FirstPersonMap_2:PersistentLevel.StaticMeshActor_9
 |   |- Actor Package: /Game/__ExternalActors__/FirstPerson/Maps/FirstPersonMap_2/8/40/RRIXHE778VF8JAQ1O4ZQNL
 |   |- Actor Path: /Game/FirstPerson/Maps/FirstPersonMap_2.FirstPersonMap_2:PersistentLevel.StaticMeshActor_0
 |   |- Actor Package: /Game/__ExternalActors__/FirstPerson/Maps/FirstPersonMap_2/8/SO/FX4227DF2JTCUUZH4VXQ97
 |   |- Actor Path: /Game/FirstPerson/Maps/FirstPersonMap_2.FirstPersonMap_2:PersistentLevel.StaticMeshActor_UAID_9C29767F240B8E6301_1090219700
 |   |- Actor Package: /Game/__ExternalActors__/FirstPerson/Maps/FirstPersonMap_2/9/5I/AVUCDDIM0MLZNIXVF85ZXE
 |   |- Actor Path: /Game/FirstPerson/Maps/FirstPersonMap_2.FirstPersonMap_2:PersistentLevel.StaticMeshActor_UAID_9C29767F240B8D6301_2089441523
 |   |- Actor Package: /Game/__ExternalActors__/FirstPerson/Maps/FirstPersonMap_2/9/CD/UX21UVVGJV65UMB1FDKHCT
 |   |- Actor Path: /Game/FirstPerson/Maps/FirstPersonMap_2.FirstPersonMap_2:PersistentLevel.ExponentialHeightFog_0
 |   |- Actor Package: /Game/__ExternalActors__/FirstPerson/Maps/FirstPersonMap_2/9/M4/Z822CR0BP19MY5VSHOEP4F
 |   |- Actor Path: /Game/FirstPerson/Maps/FirstPersonMap_2.FirstPersonMap_2:PersistentLevel.StaticMeshActor_UAID_9C29767F240B8D6301_1909044521
 |   |- Actor Package: /Game/__ExternalActors__/FirstPerson/Maps/FirstPersonMap_2/A/WR/X9MNASZHR21PWD5X702RMQ
 |   |- Actor Path: /Game/FirstPerson/Maps/FirstPersonMap_2.FirstPersonMap_2:PersistentLevel.PlayerStart_0
 |   |- Actor Package: /Game/__ExternalActors__/FirstPerson/Maps/FirstPersonMap_2/A/WT/U2HOKS6072JT7NT88PLG5Y
 |   |- Actor Path: /Game/FirstPerson/Maps/FirstPersonMap_2.FirstPersonMap_2:PersistentLevel.SkyLight_0
 |   |- Actor Package: /Game/__ExternalActors__/FirstPerson/Maps/FirstPersonMap_2/B/YC/PEJMNFU3BV4YB43NG2CO01
 |   |- Actor Path: /Game/FirstPerson/Maps/FirstPersonMap_2.FirstPersonMap_2:PersistentLevel.StaticMeshActor_UAID_A4AE111137DC5EFB00_2001720423
 |   |- Actor Package: /Game/__ExternalActors__/FirstPerson/Maps/FirstPersonMap_2/B/Z1/T7GRSW84PNMJF5EU3KPRVT
 |   |- Actor Path: /Game/FirstPerson/Maps/FirstPersonMap_2.FirstPersonMap_2:PersistentLevel.StaticMeshActor_4
 |   |- Actor Package: /Game/__ExternalActors__/FirstPerson/Maps/FirstPersonMap_2/D/F2/6PXVG22C94ESXAUBZ6E918
 |   |- Actor Path: /Game/FirstPerson/Maps/FirstPersonMap_2.FirstPersonMap_2:PersistentLevel.StaticMeshActor_UAID_9C29767F240B8D6301_1835365520
 |   |- Actor Package: /Game/__ExternalActors__/FirstPerson/Maps/FirstPersonMap_2/D/YW/6WZW777ZYL15Y8PHYBROW1
 |   |- Actor Path: /Game/FirstPerson/Maps/FirstPersonMap_2.FirstPersonMap_2:PersistentLevel.VolumetricCloud_0
 |   |- Actor Package: /Game/__ExternalActors__/FirstPerson/Maps/FirstPersonMap_2/E/SV/H1DZQ1F68P3QDI1OZ53CPQ

