"../../../Engine/Content/EditorResources/S_Actor.ubulk" 0
"../../../Engine/Content/EditorResources/S_Actor.uasset" 1
"../../../Engine/Content/EditorResources/S_Actor.uexp" 2
"../../../Engine/Content/EditorResources/S_BoxReflectionCapture.uasset" 3
"../../../Engine/Content/EditorResources/S_BoxReflectionCapture.uexp" 4
"../../../Engine/Content/EngineResources/DefaultTexture.ubulk" 5
"../../../Engine/Content/EngineResources/DefaultTexture.uasset" 6
"../../../Engine/Content/EngineResources/DefaultTexture.uexp" 7
"../../../Engine/Content/EngineResources/DefaultTextureCube.uasset" 8
"../../../Engine/Content/EngineResources/DefaultTextureCube.uexp" 9
"../../../Engine/Content/EngineResources/DefaultVolumeTexture2D.uasset" 10
"../../../Engine/Content/EngineResources/DefaultVolumeTexture2D.uexp" 11
"../../../Engine/Content/EngineResources/DefaultVolumeTexture.uasset" 12
"../../../Engine/Content/EngineResources/DefaultVolumeTexture.uexp" 13
"../../../Engine/Content/EditorResources/S_Trigger.ubulk" 14
"../../../Engine/Content/EditorResources/S_Trigger.uasset" 15
"../../../Engine/Content/EditorResources/S_Trigger.uexp" 16
"../../../Engine/Content/EditorResources/S_TriggerBox.uasset" 17
"../../../Engine/Content/EditorResources/S_TriggerBox.uexp" 18
"../../../Engine/Content/EditorResources/S_TriggerCapsule.uasset" 19
"../../../Engine/Content/EditorResources/S_TriggerCapsule.uexp" 20
"../../../Engine/Content/EditorResources/S_TriggerSphere.uasset" 21
"../../../Engine/Content/EditorResources/S_TriggerSphere.uexp" 22
"../../../Engine/Content/EngineMeshes/Sphere.ubulk" 23
"../../../Engine/Content/EngineMeshes/Sphere.uasset" 24
"../../../Engine/Content/EngineMeshes/Sphere.uexp" 25
"../../../Engine/Content/EngineResources/GradientTexture0.uasset" 26
"../../../Engine/Content/EngineResources/GradientTexture0.uexp" 27
"../../../Engine/Content/EngineResources/Black.uasset" 28
"../../../Engine/Content/EngineResources/Black.uexp" 29
"../../../Engine/Content/VREditor/LaserPointer/VR_LaserPower_01.ubulk" 30
"../../../Engine/Content/VREditor/LaserPointer/VR_LaserPower_01.uasset" 31
"../../../Engine/Content/VREditor/LaserPointer/VR_LaserPower_01.uexp" 32
"../../../Engine/Content/VREditor/TransformGizmo/TransformGizmoMaterial.uasset" 33
"../../../Engine/Content/VREditor/TransformGizmo/TransformGizmoMaterial.uexp" 34
"../../../Engine/Content/VREditor/TransformGizmo/TranslucentTransformGizmoMaterial.uasset" 35
"../../../Engine/Content/VREditor/TransformGizmo/TranslucentTransformGizmoMaterial.uexp" 36
"../../../Engine/Content/VREditor/TransformGizmo/PlaneTranslationHandle.ubulk" 37
"../../../Engine/Content/VREditor/TransformGizmo/PlaneTranslationHandle.uasset" 38
"../../../Engine/Content/VREditor/TransformGizmo/PlaneTranslationHandle.uexp" 39
"../../../Engine/Content/VREditor/TransformGizmo/BoundingBoxCorner.ubulk" 40
"../../../Engine/Content/VREditor/TransformGizmo/BoundingBoxCorner.uasset" 41
"../../../Engine/Content/VREditor/TransformGizmo/BoundingBoxCorner.uexp" 42
"../../../Engine/Content/VREditor/TransformGizmo/BoundingBoxEdge.ubulk" 43
"../../../Engine/Content/VREditor/TransformGizmo/BoundingBoxEdge.uasset" 44
"../../../Engine/Content/VREditor/TransformGizmo/BoundingBoxEdge.uexp" 45
"../../../Engine/Content/VREditor/TransformGizmo/Main.uasset" 46
"../../../Engine/Content/VREditor/TransformGizmo/Main.uexp" 47
"../../../Engine/Content/VREditor/TransformGizmo/Xray.uasset" 48
"../../../Engine/Content/VREditor/TransformGizmo/Xray.uexp" 49
"../../../Engine/Content/VREditor/TransformGizmo/SM_Sequencer_Node.ubulk" 50
"../../../Engine/Content/VREditor/TransformGizmo/SM_Sequencer_Node.uasset" 51
"../../../Engine/Content/VREditor/TransformGizmo/SM_Sequencer_Node.uexp" 52
"../../../Engine/Content/EditorMaterials/Camera/CineMat.uasset" 53
"../../../Engine/Content/EditorMaterials/Camera/CineMat.uexp" 54
"../../../Engine/Content/EditorMaterials/Camera/MI_CineMat_Rig.uasset" 55
"../../../Engine/Content/EditorMaterials/Camera/MI_CineMat_Rig.uexp" 56
"../../../Engine/Content/EditorMeshes/Camera/SM_CraneRig_Base.ubulk" 57
"../../../Engine/Content/EditorMeshes/Camera/SM_CraneRig_Base.uasset" 58
"../../../Engine/Content/EditorMeshes/Camera/SM_CraneRig_Base.uexp" 59
"../../../Engine/Content/EditorMeshes/Camera/SM_CraneRig_Arm.ubulk" 60
"../../../Engine/Content/EditorMeshes/Camera/SM_CraneRig_Arm.uasset" 61
"../../../Engine/Content/EditorMeshes/Camera/SM_CraneRig_Arm.uexp" 62
"../../../Engine/Content/EditorMeshes/Camera/SM_CraneRig_Mount.ubulk" 63
"../../../Engine/Content/EditorMeshes/Camera/SM_CraneRig_Mount.uasset" 64
"../../../Engine/Content/EditorMeshes/Camera/SM_CraneRig_Mount.uexp" 65
"../../../Engine/Content/EditorMeshes/Camera/SM_CraneRig_Body.ubulk" 66
"../../../Engine/Content/EditorMeshes/Camera/SM_CraneRig_Body.uasset" 67
"../../../Engine/Content/EditorMeshes/Camera/SM_CraneRig_Body.uexp" 68
"../../../Engine/Content/EditorMeshes/Camera/SM_RailRig_Track.ubulk" 69
"../../../Engine/Content/EditorMeshes/Camera/SM_RailRig_Track.uasset" 70
"../../../Engine/Content/EditorMeshes/Camera/SM_RailRig_Track.uexp" 71
"../../../Engine/Content/EditorMeshes/Camera/SM_RailRig_Mount.ubulk" 72
"../../../Engine/Content/EditorMeshes/Camera/SM_RailRig_Mount.uasset" 73
"../../../Engine/Content/EditorMeshes/Camera/SM_RailRig_Mount.uexp" 74
"../../../Engine/Content/EngineMaterials/T_Default_Material_Grid_M.ubulk" 75
"../../../Engine/Content/EngineMaterials/T_Default_Material_Grid_M.uasset" 76
"../../../Engine/Content/EngineMaterials/T_Default_Material_Grid_M.uexp" 77
"../../../Engine/Content/EngineMaterials/T_Default_Material_Grid_N.ubulk" 78
"../../../Engine/Content/EngineMaterials/T_Default_Material_Grid_N.uasset" 79
"../../../Engine/Content/EngineMaterials/T_Default_Material_Grid_N.uexp" 80
"../../../Engine/Content/Functions/Engine_MaterialFunctions01/Opacity/CameraDepthFade.uasset" 81
"../../../Engine/Content/Functions/Engine_MaterialFunctions01/Opacity/CameraDepthFade.uexp" 82
"../../../Engine/Content/EngineMaterials/WorldGridMaterial.uasset" 83
"../../../Engine/Content/EngineMaterials/WorldGridMaterial.uexp" 84
"../../../Engine/Content/ArtTools/RenderToTexture/Meshes/S_1_Unit_Plane.ubulk" 85
"../../../Engine/Content/ArtTools/RenderToTexture/Meshes/S_1_Unit_Plane.uasset" 86
"../../../Engine/Content/ArtTools/RenderToTexture/Meshes/S_1_Unit_Plane.uexp" 87
"../../../Engine/Content/EditorMaterials/ParticleSystems/PSysThumbnail_NoImage.ubulk" 88
"../../../Engine/Content/EditorMaterials/ParticleSystems/PSysThumbnail_NoImage.uasset" 89
"../../../Engine/Content/EditorMaterials/ParticleSystems/PSysThumbnail_NoImage.uexp" 90
"../../../Engine/Content/EditorMaterials/ParticleSystems/PSysThumbnail_OOD.ubulk" 91
"../../../Engine/Content/EditorMaterials/ParticleSystems/PSysThumbnail_OOD.uasset" 92
"../../../Engine/Content/EditorMaterials/ParticleSystems/PSysThumbnail_OOD.uexp" 93
"../../../Engine/Content/EditorLandscapeResources/SplineEditorMeshMat.uasset" 94
"../../../Engine/Content/EditorLandscapeResources/SplineEditorMeshMat.uexp" 95
"../../../Engine/Content/EditorLandscapeResources/SplineEditorMesh.ubulk" 96
"../../../Engine/Content/EditorLandscapeResources/SplineEditorMesh.uasset" 97
"../../../Engine/Content/EditorLandscapeResources/SplineEditorMesh.uexp" 98
"../../../Engine/Content/EditorMeshes/EditorSphere.ubulk" 99
"../../../Engine/Content/EditorMeshes/EditorSphere.uasset" 100
"../../../Engine/Content/EditorMeshes/EditorSphere.uexp" 101
"../../../Engine/Content/EditorResources/S_Solver.ubulk" 102
"../../../Engine/Content/EditorResources/S_Solver.uasset" 103
"../../../Engine/Content/EditorResources/S_Solver.uexp" 104
"../../../Engine/Plugins/Media/MediaPlate/Content/SM_MediaPlateScreen.ubulk" 105
"../../../Engine/Plugins/Media/MediaPlate/Content/SM_MediaPlateScreen.uasset" 106
"../../../Engine/Plugins/Media/MediaPlate/Content/SM_MediaPlateScreen.uexp" 107
"../../../Engine/Content/EngineMaterials/Good64x64TilingNoiseHighFreq.uasset" 108
"../../../Engine/Content/EngineMaterials/Good64x64TilingNoiseHighFreq.uexp" 109
"../../../Engine/Content/EngineMaterials/DefaultBokeh.uasset" 110
"../../../Engine/Content/EngineMaterials/DefaultBokeh.uexp" 111
"../../../Engine/Content/EngineMaterials/PreintegratedSkinBRDF.uasset" 112
"../../../Engine/Content/EngineMaterials/PreintegratedSkinBRDF.uexp" 113
"../../../Engine/Content/EngineMaterials/MiniFont.uasset" 114
"../../../Engine/Content/EngineMaterials/MiniFont.uexp" 115
"../../../Engine/Content/EngineMaterials/WeightMapPlaceholderTexture.uasset" 116
"../../../Engine/Content/EngineMaterials/WeightMapPlaceholderTexture.uexp" 117
"../../../Engine/Content/EngineMaterials/DefaultWhiteGrid.ubulk" 118
"../../../Engine/Content/EngineMaterials/DefaultWhiteGrid.uasset" 119
"../../../Engine/Content/EngineMaterials/DefaultWhiteGrid.uexp" 120
"../../../Engine/Content/BasicShapes/Cube.ubulk" 121
"../../../Engine/Content/BasicShapes/Cube.uasset" 122
"../../../Engine/Content/BasicShapes/Cube.uexp" 123
"C:/Users/nktri/Documents/Unreal Projects/HumberGameJam/Content/FirstPerson/Blueprints/Interact.uasset" 124
"C:/Users/nktri/Documents/Unreal Projects/HumberGameJam/Content/FirstPerson/Blueprints/Interact.uexp" 125
"../../../Engine/Content/BasicShapes/BasicShapeMaterial.uasset" 126
"../../../Engine/Content/BasicShapes/BasicShapeMaterial.uexp" 127
"C:/Users/nktri/Documents/Unreal Projects/HumberGameJam/Content/FirstPerson/Input/Actions/IA_Look.uasset" 128
"C:/Users/nktri/Documents/Unreal Projects/HumberGameJam/Content/FirstPerson/Input/Actions/IA_Look.uexp" 129
"../../../Engine/Content/Functions/Engine_MaterialFunctions02/Utility/BlendAngleCorrectedNormals.uasset" 130
"../../../Engine/Content/Functions/Engine_MaterialFunctions02/Utility/BlendAngleCorrectedNormals.uexp" 131
"../../../Engine/Content/Functions/MaterialLayerFunctions/MatLayerBlend_NormalBlend.uasset" 132
"../../../Engine/Content/Functions/MaterialLayerFunctions/MatLayerBlend_NormalBlend.uexp" 133
"C:/Users/nktri/Documents/Unreal Projects/HumberGameJam/Content/FirstPersonArms/Character/Materials/MaterialLayers/T_ML_Rubber_Blue_01_N.ubulk" 134
"C:/Users/nktri/Documents/Unreal Projects/HumberGameJam/Content/FirstPersonArms/Character/Materials/MaterialLayers/T_ML_Rubber_Blue_01_N.uasset" 135
"C:/Users/nktri/Documents/Unreal Projects/HumberGameJam/Content/FirstPersonArms/Character/Materials/MaterialLayers/T_ML_Rubber_Blue_01_N.uexp" 136
"C:/Users/nktri/Documents/Unreal Projects/HumberGameJam/Content/FirstPersonArms/Character/Materials/MaterialLayers/T_ML_Rubber_Blue_01_D.ubulk" 137
"C:/Users/nktri/Documents/Unreal Projects/HumberGameJam/Content/FirstPersonArms/Character/Materials/MaterialLayers/T_ML_Rubber_Blue_01_D.uasset" 138
"C:/Users/nktri/Documents/Unreal Projects/HumberGameJam/Content/FirstPersonArms/Character/Materials/MaterialLayers/T_ML_Rubber_Blue_01_D.uexp" 139
"C:/Users/nktri/Documents/Unreal Projects/HumberGameJam/Content/FirstPersonArms/Character/Materials/MaterialLayers/ML_GlossyBlack_Latex_UE4.uasset" 140
"C:/Users/nktri/Documents/Unreal Projects/HumberGameJam/Content/FirstPersonArms/Character/Materials/MaterialLayers/ML_GlossyBlack_Latex_UE4.uexp" 141
"C:/Users/nktri/Documents/Unreal Projects/HumberGameJam/Content/FirstPersonArms/Character/Textures/UE4_Mannequin_MAT_MASKA.ubulk" 142
"C:/Users/nktri/Documents/Unreal Projects/HumberGameJam/Content/FirstPersonArms/Character/Textures/UE4_Mannequin_MAT_MASKA.uasset" 143
"C:/Users/nktri/Documents/Unreal Projects/HumberGameJam/Content/FirstPersonArms/Character/Textures/UE4_Mannequin_MAT_MASKA.uexp" 144
"C:/Users/nktri/Documents/Unreal Projects/HumberGameJam/Content/FirstPersonArms/Character/Textures/UE4_LOGO_CARD.ubulk" 145
"C:/Users/nktri/Documents/Unreal Projects/HumberGameJam/Content/FirstPersonArms/Character/Textures/UE4_LOGO_CARD.uasset" 146
"C:/Users/nktri/Documents/Unreal Projects/HumberGameJam/Content/FirstPersonArms/Character/Textures/UE4_LOGO_CARD.uexp" 147
"C:/Users/nktri/Documents/Unreal Projects/HumberGameJam/Content/FirstPersonArms/Character/Materials/MaterialLayers/ML_Plastic_Shiny_Beige_LOGO.uasset" 148
"C:/Users/nktri/Documents/Unreal Projects/HumberGameJam/Content/FirstPersonArms/Character/Materials/MaterialLayers/ML_Plastic_Shiny_Beige_LOGO.uexp" 149
"../../../Engine/Content/Functions/MaterialLayerFunctions/MatLayerBlend_Simple.uasset" 150
"../../../Engine/Content/Functions/MaterialLayerFunctions/MatLayerBlend_Simple.uexp" 151
"C:/Users/nktri/Documents/Unreal Projects/HumberGameJam/Content/FirstPersonArms/Character/Materials/MaterialLayers/T_ML_Aluminum01.ubulk" 152
"C:/Users/nktri/Documents/Unreal Projects/HumberGameJam/Content/FirstPersonArms/Character/Materials/MaterialLayers/T_ML_Aluminum01.uasset" 153
"C:/Users/nktri/Documents/Unreal Projects/HumberGameJam/Content/FirstPersonArms/Character/Materials/MaterialLayers/T_ML_Aluminum01.uexp" 154
"C:/Users/nktri/Documents/Unreal Projects/HumberGameJam/Content/FirstPersonArms/Character/Materials/MaterialLayers/T_ML_Aluminum01_N.ubulk" 155
"C:/Users/nktri/Documents/Unreal Projects/HumberGameJam/Content/FirstPersonArms/Character/Materials/MaterialLayers/T_ML_Aluminum01_N.uasset" 156
"C:/Users/nktri/Documents/Unreal Projects/HumberGameJam/Content/FirstPersonArms/Character/Materials/MaterialLayers/T_ML_Aluminum01_N.uexp" 157
"C:/Users/nktri/Documents/Unreal Projects/HumberGameJam/Content/FirstPersonArms/Character/Materials/MaterialLayers/ML_SoftMetal_UE4.uasset" 158
"C:/Users/nktri/Documents/Unreal Projects/HumberGameJam/Content/FirstPersonArms/Character/Materials/MaterialLayers/ML_SoftMetal_UE4.uexp" 159
"C:/Users/nktri/Documents/Unreal Projects/HumberGameJam/Content/FirstPersonArms/Character/Materials/MaterialLayers/ML_Plastic_Shiny_Beige.uasset" 160
"C:/Users/nktri/Documents/Unreal Projects/HumberGameJam/Content/FirstPersonArms/Character/Materials/MaterialLayers/ML_Plastic_Shiny_Beige.uexp" 161
"C:/Users/nktri/Documents/Unreal Projects/HumberGameJam/Content/FirstPersonArms/Character/Textures/UE4_Mannequin__normals.ubulk" 162
"C:/Users/nktri/Documents/Unreal Projects/HumberGameJam/Content/FirstPersonArms/Character/Textures/UE4_Mannequin__normals.uasset" 163
"C:/Users/nktri/Documents/Unreal Projects/HumberGameJam/Content/FirstPersonArms/Character/Textures/UE4_Mannequin__normals.uexp" 164
"C:/Users/nktri/Documents/Unreal Projects/HumberGameJam/Content/FirstPersonArms/Character/Materials/M_UE4Man_Body.uasset" 165
"C:/Users/nktri/Documents/Unreal Projects/HumberGameJam/Content/FirstPersonArms/Character/Materials/M_UE4Man_Body.uexp" 166
"C:/Users/nktri/Documents/Unreal Projects/HumberGameJam/Content/FirstPersonArms/Character/Mesh/SK_Mannequin_Arms_PhysicsAsset.uasset" 167
"C:/Users/nktri/Documents/Unreal Projects/HumberGameJam/Content/FirstPersonArms/Character/Mesh/SK_Mannequin_Arms_PhysicsAsset.uexp" 168
"C:/Users/nktri/Documents/Unreal Projects/HumberGameJam/Content/FirstPersonArms/Character/Mesh/SK_Mannequin_Arms_Skeleton.uasset" 169
"C:/Users/nktri/Documents/Unreal Projects/HumberGameJam/Content/FirstPersonArms/Character/Mesh/SK_Mannequin_Arms_Skeleton.uexp" 170
"C:/Users/nktri/Documents/Unreal Projects/HumberGameJam/Content/FirstPersonArms/Character/Mesh/SK_Mannequin_Arms.uasset" 171
"C:/Users/nktri/Documents/Unreal Projects/HumberGameJam/Content/FirstPersonArms/Character/Mesh/SK_Mannequin_Arms.uexp" 172
"C:/Users/nktri/Documents/Unreal Projects/HumberGameJam/Content/FirstPerson/Blueprints/CableBreak.uasset" 173
"C:/Users/nktri/Documents/Unreal Projects/HumberGameJam/Content/FirstPerson/Blueprints/CableBreak.uexp" 174
"C:/Users/nktri/Documents/Unreal Projects/HumberGameJam/Content/FirstPerson/Input/Actions/IA_Move.uasset" 175
"C:/Users/nktri/Documents/Unreal Projects/HumberGameJam/Content/FirstPerson/Input/Actions/IA_Move.uexp" 176
"C:/Users/nktri/Documents/Unreal Projects/HumberGameJam/Content/FirstPerson/Input/Actions/IA_Jump.uasset" 177
"C:/Users/nktri/Documents/Unreal Projects/HumberGameJam/Content/FirstPerson/Input/Actions/IA_Jump.uexp" 178
"C:/Users/nktri/Documents/Unreal Projects/HumberGameJam/Content/FirstPerson/Input/IMC_Default.uasset" 179
"C:/Users/nktri/Documents/Unreal Projects/HumberGameJam/Content/FirstPerson/Input/IMC_Default.uexp" 180
"C:/Users/nktri/Documents/Unreal Projects/HumberGameJam/Content/FirstPerson/Blueprints/CableLenght.uasset" 181
"C:/Users/nktri/Documents/Unreal Projects/HumberGameJam/Content/FirstPerson/Blueprints/CableLenght.uexp" 182
"../../../Engine/Content/Animation/DefaultAnimCurveCompressionSettings.uasset" 183
"../../../Engine/Content/Animation/DefaultAnimCurveCompressionSettings.uexp" 184
"../../../Engine/Content/Animation/DefaultAnimBoneCompressionSettings.uasset" 185
"../../../Engine/Content/Animation/DefaultAnimBoneCompressionSettings.uexp" 186
"C:/Users/nktri/Documents/Unreal Projects/HumberGameJam/Content/FirstPersonArms/Animations/FP_Rifle_Idle.uasset" 187
"C:/Users/nktri/Documents/Unreal Projects/HumberGameJam/Content/FirstPersonArms/Animations/FP_Rifle_Idle.uexp" 188
"C:/Users/nktri/Documents/Unreal Projects/HumberGameJam/Content/FirstPersonArms/Animations/FP_Rifle_Land.uasset" 189
"C:/Users/nktri/Documents/Unreal Projects/HumberGameJam/Content/FirstPersonArms/Animations/FP_Rifle_Land.uexp" 190
"C:/Users/nktri/Documents/Unreal Projects/HumberGameJam/Content/FirstPersonArms/Animations/FP_Rifle_Run.uasset" 191
"C:/Users/nktri/Documents/Unreal Projects/HumberGameJam/Content/FirstPersonArms/Animations/FP_Rifle_Run.uexp" 192
"C:/Users/nktri/Documents/Unreal Projects/HumberGameJam/Content/FirstPersonArms/Animations/FP_Rifle_Falling.uasset" 193
"C:/Users/nktri/Documents/Unreal Projects/HumberGameJam/Content/FirstPersonArms/Animations/FP_Rifle_Falling.uexp" 194
"../../../Engine/Content/Animation/DefaultRecorderBoneCompression.uasset" 195
"../../../Engine/Content/Animation/DefaultRecorderBoneCompression.uexp" 196
"C:/Users/nktri/Documents/Unreal Projects/HumberGameJam/Content/FirstPersonArms/Animations/FP_Idle.uasset" 197
"C:/Users/nktri/Documents/Unreal Projects/HumberGameJam/Content/FirstPersonArms/Animations/FP_Idle.uexp" 198
"C:/Users/nktri/Documents/Unreal Projects/HumberGameJam/Content/FirstPersonArms/Animations/FP_Jump.uasset" 199
"C:/Users/nktri/Documents/Unreal Projects/HumberGameJam/Content/FirstPersonArms/Animations/FP_Jump.uexp" 200
"C:/Users/nktri/Documents/Unreal Projects/HumberGameJam/Content/FirstPersonArms/Animations/FP_Run_Fwd.uasset" 201
"C:/Users/nktri/Documents/Unreal Projects/HumberGameJam/Content/FirstPersonArms/Animations/FP_Run_Fwd.uexp" 202
"C:/Users/nktri/Documents/Unreal Projects/HumberGameJam/Content/FirstPersonArms/Animations/FP_Land.uasset" 203
"C:/Users/nktri/Documents/Unreal Projects/HumberGameJam/Content/FirstPersonArms/Animations/FP_Land.uexp" 204
"C:/Users/nktri/Documents/Unreal Projects/HumberGameJam/Content/FirstPersonArms/Animations/FP_Falling.uasset" 205
"C:/Users/nktri/Documents/Unreal Projects/HumberGameJam/Content/FirstPersonArms/Animations/FP_Falling.uexp" 206
"C:/Users/nktri/Documents/Unreal Projects/HumberGameJam/Content/FirstPersonArms/Animations/FP_Rifle_Jump.uasset" 207
"C:/Users/nktri/Documents/Unreal Projects/HumberGameJam/Content/FirstPersonArms/Animations/FP_Rifle_Jump.uexp" 208
"../../../Engine/Content/EditorBlueprintResources/StandardMacros.uasset" 209
"../../../Engine/Content/EditorBlueprintResources/StandardMacros.uexp" 210
"C:/Users/nktri/Documents/Unreal Projects/HumberGameJam/Content/FirstPersonArms/Animations/FirstPerson_AnimBP.uasset" 211
"C:/Users/nktri/Documents/Unreal Projects/HumberGameJam/Content/FirstPersonArms/Animations/FirstPerson_AnimBP.uexp" 212
"C:/Users/nktri/Documents/Unreal Projects/HumberGameJam/Content/FirstPerson/Blueprints/BP_FirstPersonCharacter.uasset" 213
"C:/Users/nktri/Documents/Unreal Projects/HumberGameJam/Content/FirstPerson/Blueprints/BP_FirstPersonCharacter.uexp" 214
"C:/Users/nktri/Documents/Unreal Projects/HumberGameJam/Content/FirstPerson/Blueprints/ElecticBoxBP.uasset" 215
"C:/Users/nktri/Documents/Unreal Projects/HumberGameJam/Content/FirstPerson/Blueprints/ElecticBoxBP.uexp" 216
"C:/Users/nktri/Documents/Unreal Projects/HumberGameJam/Content/FirstPerson/Blueprints/ControlerBox.uasset" 217
"C:/Users/nktri/Documents/Unreal Projects/HumberGameJam/Content/FirstPerson/Blueprints/ControlerBox.uexp" 218
"C:/Users/nktri/Documents/Unreal Projects/HumberGameJam/Content/FirstPerson/Blueprints/Teleportpad.uasset" 219
"C:/Users/nktri/Documents/Unreal Projects/HumberGameJam/Content/FirstPerson/Blueprints/Teleportpad.uexp" 220
"C:/Users/nktri/Documents/Unreal Projects/HumberGameJam/Content/FirstPerson/Blueprints/NextLevel.uasset" 221
"C:/Users/nktri/Documents/Unreal Projects/HumberGameJam/Content/FirstPerson/Blueprints/NextLevel.uexp" 222
"C:/Users/nktri/Documents/Unreal Projects/HumberGameJam/Content/LevelPrototyping/Textures/T_GridChecker_A.ubulk" 223
"C:/Users/nktri/Documents/Unreal Projects/HumberGameJam/Content/LevelPrototyping/Textures/T_GridChecker_A.uasset" 224
"C:/Users/nktri/Documents/Unreal Projects/HumberGameJam/Content/LevelPrototyping/Textures/T_GridChecker_A.uexp" 225
"../../../Engine/Content/Functions/Engine_MaterialFunctions02/Utility/MakeFloat3.uasset" 226
"../../../Engine/Content/Functions/Engine_MaterialFunctions02/Utility/MakeFloat3.uexp" 227
"../../../Engine/Content/Functions/Engine_MaterialFunctions01/Gradient/LinearGradient.uasset" 228
"../../../Engine/Content/Functions/Engine_MaterialFunctions01/Gradient/LinearGradient.uexp" 229
"../../../Engine/Content/Functions/Engine_MaterialFunctions01/ImageAdjustment/CheapContrast.uasset" 230
"../../../Engine/Content/Functions/Engine_MaterialFunctions01/ImageAdjustment/CheapContrast.uexp" 231
"../../../Engine/Content/Functions/Engine_MaterialFunctions02/Utility/BreakOutFloat3Components.uasset" 232
"../../../Engine/Content/Functions/Engine_MaterialFunctions02/Utility/BreakOutFloat3Components.uexp" 233
"C:/Users/nktri/Documents/Unreal Projects/HumberGameJam/Content/LevelPrototyping/Materials/MF_ProcGrid.uasset" 234
"C:/Users/nktri/Documents/Unreal Projects/HumberGameJam/Content/LevelPrototyping/Materials/MF_ProcGrid.uexp" 235
"C:/Users/nktri/Documents/Unreal Projects/HumberGameJam/Content/LevelPrototyping/Materials/M_PrototypeGrid.uasset" 236
"C:/Users/nktri/Documents/Unreal Projects/HumberGameJam/Content/LevelPrototyping/Materials/M_PrototypeGrid.uexp" 237
"C:/Users/nktri/Documents/Unreal Projects/HumberGameJam/Content/LevelPrototyping/Materials/MI_PrototypeGrid_Gray.uasset" 238
"C:/Users/nktri/Documents/Unreal Projects/HumberGameJam/Content/LevelPrototyping/Materials/MI_PrototypeGrid_Gray.uexp" 239
"C:/Users/nktri/Documents/Unreal Projects/HumberGameJam/Content/LevelPrototyping/Meshes/SM_Ramp.ubulk" 240
"C:/Users/nktri/Documents/Unreal Projects/HumberGameJam/Content/LevelPrototyping/Meshes/SM_Ramp.uasset" 241
"C:/Users/nktri/Documents/Unreal Projects/HumberGameJam/Content/LevelPrototyping/Meshes/SM_Ramp.uexp" 242
"C:/Users/nktri/Documents/Unreal Projects/HumberGameJam/Content/LevelPrototyping/Meshes/SM_QuarterCylinder.ubulk" 243
"C:/Users/nktri/Documents/Unreal Projects/HumberGameJam/Content/LevelPrototyping/Meshes/SM_QuarterCylinder.uasset" 244
"C:/Users/nktri/Documents/Unreal Projects/HumberGameJam/Content/LevelPrototyping/Meshes/SM_QuarterCylinder.uexp" 245
"C:/Users/nktri/Documents/Unreal Projects/HumberGameJam/Content/LevelPrototyping/Meshes/SM_Cube.ubulk" 246
"C:/Users/nktri/Documents/Unreal Projects/HumberGameJam/Content/LevelPrototyping/Meshes/SM_Cube.uasset" 247
"C:/Users/nktri/Documents/Unreal Projects/HumberGameJam/Content/LevelPrototyping/Meshes/SM_Cube.uexp" 248
"../../../Engine/Plugins/Interchange/Runtime/Content/Pipelines/DefaultMaterialPipeline.uasset" 249
"../../../Engine/Plugins/Interchange/Runtime/Content/Pipelines/DefaultMaterialPipeline.uexp" 250
"../../../Engine/Content/EngineMaterials/DefaultMaterial.uasset" 251
"../../../Engine/Content/EngineMaterials/DefaultMaterial.uexp" 252
"../../../Engine/Content/BasicShapes/Sphere.ubulk" 253
"../../../Engine/Content/BasicShapes/Sphere.uasset" 254
"../../../Engine/Content/BasicShapes/Sphere.uexp" 255
"../../../Engine/Content/BasicShapes/Plane.ubulk" 256
"../../../Engine/Content/BasicShapes/Plane.uasset" 257
"../../../Engine/Content/BasicShapes/Plane.uexp" 258
"../../../Engine/Content/BasicShapes/Cylinder.ubulk" 259
"../../../Engine/Content/BasicShapes/Cylinder.uasset" 260
"../../../Engine/Content/BasicShapes/Cylinder.uexp" 261
"../../../Engine/Content/BasicShapes/Cone.ubulk" 262
"../../../Engine/Content/BasicShapes/Cone.uasset" 263
"../../../Engine/Content/BasicShapes/Cone.uexp" 264
"../../../Engine/Content/EditorLandscapeResources/DefaultAlphaTexture.uasset" 265
"../../../Engine/Content/EditorLandscapeResources/DefaultAlphaTexture.uexp" 266
"../../../Engine/Content/EditorLandscapeResources/DataLayer.uasset" 267
"../../../Engine/Content/EditorLandscapeResources/DataLayer.uexp" 268
"../../../Engine/Content/EditorMaterials/PreviewShadowIndicator.ubulk" 269
"../../../Engine/Content/EditorMaterials/PreviewShadowIndicator.uasset" 270
"../../../Engine/Content/EditorMaterials/PreviewShadowIndicator.uexp" 271
"../../../Engine/Content/EditorMaterials/PreviewShadowIndicatorMaterial.uasset" 272
"../../../Engine/Content/EditorMaterials/PreviewShadowIndicatorMaterial.uexp" 273
"../../../Engine/Content/EditorMaterials/PhAT_UnselectedMaterial.uasset" 274
"../../../Engine/Content/EditorMaterials/PhAT_UnselectedMaterial.uexp" 275
"../../../Engine/Content/EditorMaterials/PhAT_NoCollisionMaterial.uasset" 276
"../../../Engine/Content/EditorMaterials/PhAT_NoCollisionMaterial.uexp" 277
"../../../Engine/Content/Functions/Engine_MaterialFunctions02/Utility/MakeFloat4.uasset" 278
"../../../Engine/Content/Functions/Engine_MaterialFunctions02/Utility/MakeFloat4.uexp" 279
"../../../Engine/Content/EditorMaterials/WorldPartition/WorldPartitionSpatialHashGridPreviewMaterial.uasset" 280
"../../../Engine/Content/EditorMaterials/WorldPartition/WorldPartitionSpatialHashGridPreviewMaterial.uexp" 281
"../../../Engine/Content/EditorResources/S_Terrain.ubulk" 282
"../../../Engine/Content/EditorResources/S_Terrain.uasset" 283
"../../../Engine/Content/EditorResources/S_Terrain.uexp" 284
"../../../Engine/Content/EditorResources/EmptyActor.uasset" 285
"../../../Engine/Content/EditorResources/EmptyActor.uexp" 286
"../../../Engine/Content/EditorResources/BSPVertex.uasset" 287
"../../../Engine/Content/EditorResources/BSPVertex.uexp" 288
"../../../Engine/Content/EditorResources/SequenceRecorder/RecordingIndicator.uasset" 289
"../../../Engine/Content/EditorResources/SequenceRecorder/RecordingIndicator.uexp" 290
"../../../Engine/Content/EditorResources/SequenceRecorder/Countdown.uasset" 291
"../../../Engine/Content/EditorResources/SequenceRecorder/Countdown.uexp" 292
"../../../Engine/Content/EngineDamageTypes/DmgTypeBP_Environmental.uasset" 293
"../../../Engine/Content/EngineDamageTypes/DmgTypeBP_Environmental.uexp" 294
"../../../Engine/Plugins/Interchange/Runtime/Content/Pipelines/DefaultAssetsPipeline.uasset" 295
"../../../Engine/Plugins/Interchange/Runtime/Content/Pipelines/DefaultAssetsPipeline.uexp" 296
"../../../Engine/Content/Functions/Engine_MaterialFunctions02/Utility/CameraDirectionVector.uasset" 297
"../../../Engine/Content/Functions/Engine_MaterialFunctions02/Utility/CameraDirectionVector.uexp" 298
"../../../Engine/Content/EngineDebugMaterials/VolumeToRender.uasset" 299
"../../../Engine/Content/EngineDebugMaterials/VolumeToRender.uexp" 300
"../../../Engine/Content/EngineDebugMaterials/M_VolumeRenderSphereTracePP.uasset" 301
"../../../Engine/Content/EngineDebugMaterials/M_VolumeRenderSphereTracePP.uexp" 302
"../../../Engine/Content/EngineDebugMaterials/M_SimpleUnlitTranslucent.uasset" 303
"../../../Engine/Content/EngineDebugMaterials/M_SimpleUnlitTranslucent.uexp" 304
"../../../Engine/Content/EngineDebugMaterials/DebugMeshMaterial.uasset" 305
"../../../Engine/Content/EngineDebugMaterials/DebugMeshMaterial.uexp" 306
"../../../Engine/Content/EngineDebugMaterials/DebugEditorMaterial.uasset" 307
"../../../Engine/Content/EngineDebugMaterials/DebugEditorMaterial.uexp" 308
"../../../Engine/Content/EngineFonts/Faces/RobotoLight.uexp" 309
"../../../Engine/Content/EngineFonts/Faces/RobotoLight.uasset" 310
"../../../Engine/Content/EngineFonts/Faces/RobotoLight.ufont" 311
"../../../Engine/Content/EngineFonts/Faces/RobotoBold.uexp" 312
"../../../Engine/Content/EngineFonts/Faces/RobotoBold.uasset" 313
"../../../Engine/Content/EngineFonts/Faces/RobotoBold.ufont" 314
"../../../Engine/Content/EngineFonts/Faces/RobotoRegular.uexp" 315
"../../../Engine/Content/EngineFonts/Faces/RobotoRegular.uasset" 316
"../../../Engine/Content/EngineFonts/Faces/RobotoRegular.ufont" 317
"../../../Engine/Content/EngineFonts/Faces/DroidSansFallback.uexp" 318
"../../../Engine/Content/EngineFonts/Faces/DroidSansFallback.uasset" 319
"../../../Engine/Content/EngineFonts/Faces/DroidSansFallback.ufont" 320
"../../../Engine/Content/EngineFonts/Faces/RobotoItalic.uexp" 321
"../../../Engine/Content/EngineFonts/Faces/RobotoItalic.uasset" 322
"../../../Engine/Content/EngineFonts/Faces/RobotoItalic.ufont" 323
"../../../Engine/Content/EngineFonts/Faces/RobotoBoldItalic.uexp" 324
"../../../Engine/Content/EngineFonts/Faces/RobotoBoldItalic.uasset" 325
"../../../Engine/Content/EngineFonts/Faces/RobotoBoldItalic.ufont" 326
"../../../Engine/Content/EngineFonts/Roboto.uasset" 327
"../../../Engine/Content/EngineFonts/Roboto.uexp" 328
"../../../Engine/Content/EngineResources/WhiteSquareTexture.uasset" 329
"../../../Engine/Content/EngineResources/WhiteSquareTexture.uexp" 330
"../../../Engine/Content/EngineMaterials/Widget3DPassThrough.uasset" 331
"../../../Engine/Content/EngineMaterials/Widget3DPassThrough.uexp" 332
"../../../Engine/Content/EngineMaterials/Widget3DPassThrough_Translucent.uasset" 333
"../../../Engine/Content/EngineMaterials/Widget3DPassThrough_Translucent.uexp" 334
"../../../Engine/Content/EngineMaterials/Widget3DPassThrough_Translucent_OneSided.uasset" 335
"../../../Engine/Content/EngineMaterials/Widget3DPassThrough_Translucent_OneSided.uexp" 336
"../../../Engine/Content/EngineMaterials/Widget3DPassThrough_Opaque.uasset" 337
"../../../Engine/Content/EngineMaterials/Widget3DPassThrough_Opaque.uexp" 338
"../../../Engine/Content/EngineMaterials/Widget3DPassThrough_Opaque_OneSided.uasset" 339
"../../../Engine/Content/EngineMaterials/Widget3DPassThrough_Opaque_OneSided.uexp" 340
"../../../Engine/Content/EngineMaterials/Widget3DPassThrough_Masked_OneSided.uasset" 341
"../../../Engine/Content/EngineMaterials/Widget3DPassThrough_Masked_OneSided.uexp" 342
"../../../Engine/Content/EngineMaterials/Widget3DPassThrough_Masked.uasset" 343
"../../../Engine/Content/EngineMaterials/Widget3DPassThrough_Masked.uexp" 344
"../../../Engine/Plugins/Runtime/MeshModelingToolset/Content/Materials/M_DynamicMeshComponentVtxColor.uasset" 345
"../../../Engine/Plugins/Runtime/MeshModelingToolset/Content/Materials/M_DynamicMeshComponentVtxColor.uexp" 346
"../../../Engine/Content/EngineMaterials/STBlueNoise_vec2_128x128x64.uasset" 347
"../../../Engine/Content/EngineMaterials/STBlueNoise_vec2_128x128x64.uexp" 348
"../../../Engine/Content/EngineMaterials/STBlueNoise_scalar_128x128x64.uasset" 349
"../../../Engine/Content/EngineMaterials/STBlueNoise_scalar_128x128x64.uexp" 350
"../../../Engine/Content/EngineMaterials/RemoveSurfaceMaterial.uasset" 351
"../../../Engine/Content/EngineMaterials/RemoveSurfaceMaterial.uexp" 352
"../../../Engine/Plugins/Interchange/Runtime/Content/gltf/Textures/T_Gray_Linear.uasset" 353
"../../../Engine/Plugins/Interchange/Runtime/Content/gltf/Textures/T_Gray_Linear.uexp" 354
"../../../Engine/Content/EngineMaterials/DefaultCalibrationGrayscale.uasset" 355
"../../../Engine/Content/EngineMaterials/DefaultCalibrationGrayscale.uexp" 356
"../../../Engine/Content/EngineMaterials/PPM_DefaultCalibrationGrayscale.uasset" 357
"../../../Engine/Content/EngineMaterials/PPM_DefaultCalibrationGrayscale.uexp" 358
"../../../Engine/Content/EngineMaterials/DefaultCalibrationColor.uasset" 359
"../../../Engine/Content/EngineMaterials/DefaultCalibrationColor.uexp" 360
"../../../Engine/Content/EngineMaterials/PPM_DefaultCalibrationColor.uasset" 361
"../../../Engine/Content/EngineMaterials/PPM_DefaultCalibrationColor.uexp" 362
"../../../Engine/Content/Functions/Engine_MaterialFunctions02/WorldPositionOffset/CameraOffset.uasset" 363
"../../../Engine/Content/Functions/Engine_MaterialFunctions02/WorldPositionOffset/CameraOffset.uexp" 364
"../../../Engine/Content/EngineMaterials/PhAT_JointLimitMaterial.uasset" 365
"../../../Engine/Content/EngineMaterials/PhAT_JointLimitMaterial.uexp" 366
"../../../Engine/Content/EngineMaterials/InvalidLightmapSettings.ubulk" 367
"../../../Engine/Content/EngineMaterials/InvalidLightmapSettings.uasset" 368
"../../../Engine/Content/EngineMaterials/InvalidLightmapSettings.uexp" 369
"../../../Engine/Content/EngineMaterials/M_InvalidLightmapSettings.uasset" 370
"../../../Engine/Content/EngineMaterials/M_InvalidLightmapSettings.uexp" 371
"../../../Engine/Plugins/Interchange/Runtime/Content/gltf/Textures/T_Black_srgb.uasset" 372
"../../../Engine/Plugins/Interchange/Runtime/Content/gltf/Textures/T_Black_srgb.uexp" 373
"../../../Engine/Content/EngineMaterials/GizmoMaterial.uasset" 374
"../../../Engine/Content/EngineMaterials/GizmoMaterial.uexp" 375
"../../../Engine/Content/EngineMaterials/BaseFlattenEmissiveMap_VT.uasset" 376
"../../../Engine/Content/EngineMaterials/BaseFlattenEmissiveMap_VT.uexp" 377
"../../../Engine/Content/EngineMaterials/BaseFlattenGrayscaleMap_VT.uasset" 378
"../../../Engine/Content/EngineMaterials/BaseFlattenGrayscaleMap_VT.uexp" 379
"../../../Engine/Content/EngineMaterials/BaseFlattenLinearColor_VT.uasset" 380
"../../../Engine/Content/EngineMaterials/BaseFlattenLinearColor_VT.uexp" 381
"../../../Engine/Content/EngineMaterials/Black_1x1_EXR_Texture_VT.uasset" 382
"../../../Engine/Content/EngineMaterials/Black_1x1_EXR_Texture_VT.uexp" 383
"../../../Engine/Content/EngineMaterials/BaseFlattenDiffuseMap_VT.uasset" 384
"../../../Engine/Content/EngineMaterials/BaseFlattenDiffuseMap_VT.uexp" 385
"../../../Engine/Content/EngineMaterials/BaseFlattenNormalMap_VT.uasset" 386
"../../../Engine/Content/EngineMaterials/BaseFlattenNormalMap_VT.uexp" 387
"../../../Engine/Content/EngineMaterials/FlattenMaterial_WS_Normal_VT.uasset" 388
"../../../Engine/Content/EngineMaterials/FlattenMaterial_WS_Normal_VT.uexp" 389
"../../../Engine/Content/EngineMaterials/FlattenMaterial_VT.uasset" 390
"../../../Engine/Content/EngineMaterials/FlattenMaterial_VT.uexp" 391
"../../../Engine/Content/EngineMaterials/BaseFlattenNormalMap.uasset" 392
"../../../Engine/Content/EngineMaterials/BaseFlattenNormalMap.uexp" 393
"../../../Engine/Content/EngineMaterials/BaseFlattenGrayscaleMap.uasset" 394
"../../../Engine/Content/EngineMaterials/BaseFlattenGrayscaleMap.uexp" 395
"../../../Engine/Content/EngineMaterials/BaseFlattenDiffuseMap.uasset" 396
"../../../Engine/Content/EngineMaterials/BaseFlattenDiffuseMap.uexp" 397
"../../../Engine/Content/Functions/Engine_MaterialFunctions02/PivotPainter2/Black_1x1_EXR_Texture.uasset" 398
"../../../Engine/Content/Functions/Engine_MaterialFunctions02/PivotPainter2/Black_1x1_EXR_Texture.uexp" 399
"../../../Engine/Content/EngineMaterials/BaseFlattenEmissiveMap.uasset" 400
"../../../Engine/Content/EngineMaterials/BaseFlattenEmissiveMap.uexp" 401
"../../../Engine/Content/EngineMaterials/BaseFlattenLinearColor.uasset" 402
"../../../Engine/Content/EngineMaterials/BaseFlattenLinearColor.uexp" 403
"../../../Engine/Content/EngineMaterials/FlattenMaterial.uasset" 404
"../../../Engine/Content/EngineMaterials/FlattenMaterial.uexp" 405
"../../../Engine/Content/EngineMaterials/DefaultWhiteGrid_Low.uasset" 406
"../../../Engine/Content/EngineMaterials/DefaultWhiteGrid_Low.uexp" 407
"../../../Engine/Content/EngineMaterials/EmissiveMeshMaterial.uasset" 408
"../../../Engine/Content/EngineMaterials/EmissiveMeshMaterial.uexp" 409
"../../../Engine/Plugins/Interchange/Runtime/Content/Materials/MapOrLinearColorFunction.uasset" 410
"../../../Engine/Plugins/Interchange/Runtime/Content/Materials/MapOrLinearColorFunction.uexp" 411
"../../../Engine/Content/EngineMaterials/DefaultNormal.ubulk" 412
"../../../Engine/Content/EngineMaterials/DefaultNormal.uasset" 413
"../../../Engine/Content/EngineMaterials/DefaultNormal.uexp" 414
"../../../Engine/Plugins/Interchange/Runtime/Content/Materials/MapOrScalarFunction.uasset" 415
"../../../Engine/Plugins/Interchange/Runtime/Content/Materials/MapOrScalarFunction.uexp" 416
"../../../Engine/Plugins/Interchange/Runtime/Content/Materials/MapOrColorFunction.uasset" 417
"../../../Engine/Plugins/Interchange/Runtime/Content/Materials/MapOrColorFunction.uexp" 418
"../../../Engine/Plugins/Interchange/Runtime/Content/Materials/CommonMaterial.uasset" 419
"../../../Engine/Plugins/Interchange/Runtime/Content/Materials/CommonMaterial.uexp" 420
"../../../Engine/Plugins/Interchange/Runtime/Content/Materials/PBRSurfaceFunction.uasset" 421
"../../../Engine/Plugins/Interchange/Runtime/Content/Materials/PBRSurfaceFunction.uexp" 422
"../../../Engine/Plugins/Interchange/Runtime/Content/Materials/ClearCoatMaterial.uasset" 423
"../../../Engine/Plugins/Interchange/Runtime/Content/Materials/ClearCoatMaterial.uexp" 424
"../../../Engine/Plugins/Interchange/Runtime/Content/gltf/MaterialFunctions/MF_RotateV2.uasset" 425
"../../../Engine/Plugins/Interchange/Runtime/Content/gltf/MaterialFunctions/MF_RotateV2.uexp" 426
"../../../Engine/Plugins/Interchange/Runtime/Content/gltf/MaterialFunctions/MF_TransformUVs.uasset" 427
"../../../Engine/Plugins/Interchange/Runtime/Content/gltf/MaterialFunctions/MF_TransformUVs.uexp" 428
"../../../Engine/Plugins/Interchange/Runtime/Content/gltf/Textures/T_White_srgb.uasset" 429
"../../../Engine/Plugins/Interchange/Runtime/Content/gltf/Textures/T_White_srgb.uexp" 430
"../../../Engine/Plugins/Interchange/Runtime/Content/gltf/MaterialFunctions/MF_BaseColor.uasset" 431
"../../../Engine/Plugins/Interchange/Runtime/Content/gltf/MaterialFunctions/MF_BaseColor.uexp" 432
"../../../Engine/Plugins/Interchange/Runtime/Content/gltf/MaterialFunctions/MF_DiffuseSpecGloss.uasset" 433
"../../../Engine/Plugins/Interchange/Runtime/Content/gltf/MaterialFunctions/MF_DiffuseSpecGloss.uexp" 434
"../../../Engine/Plugins/Interchange/Runtime/Content/gltf/Textures/T_White_Linear.uasset" 435
"../../../Engine/Plugins/Interchange/Runtime/Content/gltf/Textures/T_White_Linear.uexp" 436
"../../../Engine/Plugins/Interchange/Runtime/Content/gltf/MaterialFunctions/MF_MetallicRoughness.uasset" 437
"../../../Engine/Plugins/Interchange/Runtime/Content/gltf/MaterialFunctions/MF_MetallicRoughness.uexp" 438
"../../../Engine/Content/Functions/Engine_MaterialFunctions02/Math/Transform3x3Matrix.uasset" 439
"../../../Engine/Content/Functions/Engine_MaterialFunctions02/Math/Transform3x3Matrix.uexp" 440
"../../../Engine/Plugins/Interchange/Runtime/Content/gltf/MaterialFunctions/MF_RotateNormals_TS.uasset" 441
"../../../Engine/Plugins/Interchange/Runtime/Content/gltf/MaterialFunctions/MF_RotateNormals_TS.uexp" 442
"../../../Engine/Plugins/Interchange/Runtime/Content/gltf/Textures/T_Generic_N.uasset" 443
"../../../Engine/Plugins/Interchange/Runtime/Content/gltf/Textures/T_Generic_N.uexp" 444
"../../../Engine/Plugins/Interchange/Runtime/Content/gltf/MaterialFunctions/MF_Clearcoat.uasset" 445
"../../../Engine/Plugins/Interchange/Runtime/Content/gltf/MaterialFunctions/MF_Clearcoat.uexp" 446
"../../../Engine/Plugins/Interchange/Runtime/Content/gltf/MaterialFunctions/MF_Occlusion.uasset" 447
"../../../Engine/Plugins/Interchange/Runtime/Content/gltf/MaterialFunctions/MF_Occlusion.uexp" 448
"../../../Engine/Plugins/Interchange/Runtime/Content/gltf/MaterialFunctions/MF_Emissive.uasset" 449
"../../../Engine/Plugins/Interchange/Runtime/Content/gltf/MaterialFunctions/MF_Emissive.uexp" 450
"../../../Engine/Plugins/Interchange/Runtime/Content/gltf/MaterialFunctions/MF_Specular.uasset" 451
"../../../Engine/Plugins/Interchange/Runtime/Content/gltf/MaterialFunctions/MF_Specular.uexp" 452
"../../../Engine/Plugins/Interchange/Runtime/Content/gltf/MaterialFunctions/MF_IOR.uasset" 453
"../../../Engine/Plugins/Interchange/Runtime/Content/gltf/MaterialFunctions/MF_IOR.uexp" 454
"../../../Engine/Content/Functions/Engine_MaterialFunctions01/Texturing/FlattenNormal.uasset" 455
"../../../Engine/Content/Functions/Engine_MaterialFunctions01/Texturing/FlattenNormal.uexp" 456
"../../../Engine/Plugins/Interchange/Runtime/Content/gltf/MaterialFunctions/MF_Normals.uasset" 457
"../../../Engine/Plugins/Interchange/Runtime/Content/gltf/MaterialFunctions/MF_Normals.uexp" 458
"../../../Engine/Content/Functions/Engine_MaterialFunctions02/Math/AddComponents.uasset" 459
"../../../Engine/Content/Functions/Engine_MaterialFunctions02/Math/AddComponents.uexp" 460
"../../../Engine/Plugins/Interchange/Runtime/Content/gltf/MaterialFunctions/MF_PerceivedBrightness.uasset" 461
"../../../Engine/Plugins/Interchange/Runtime/Content/gltf/MaterialFunctions/MF_PerceivedBrightness.uexp" 462
"../../../Engine/Plugins/Interchange/Runtime/Content/gltf/MaterialFunctions/MF_SpecGlossToMetalRoughness.uasset" 463
"../../../Engine/Plugins/Interchange/Runtime/Content/gltf/MaterialFunctions/MF_SpecGlossToMetalRoughness.uexp" 464
"../../../Engine/Plugins/Interchange/Runtime/Content/gltf/M_Opaque.uasset" 465
"../../../Engine/Plugins/Interchange/Runtime/Content/gltf/M_Opaque.uexp" 466
"../../../Engine/Plugins/Interchange/Runtime/Content/gltf/MaterialInstances_SG/MI_Opaque.uasset" 467
"../../../Engine/Plugins/Interchange/Runtime/Content/gltf/MaterialInstances_SG/MI_Opaque.uexp" 468
"../../../Engine/Content/EngineFonts/RobotoDistanceField.uasset" 469
"../../../Engine/Content/EngineFonts/RobotoDistanceField.uexp" 470
"../../../Engine/Content/EngineMaterials/DefaultTextMaterialOpaque.uasset" 471
"../../../Engine/Content/EngineMaterials/DefaultTextMaterialOpaque.uexp" 472
"../../../Engine/Content/EngineMaterials/DefaultDiffuse.ubulk" 473
"../../../Engine/Content/EngineMaterials/DefaultDiffuse.uasset" 474
"../../../Engine/Content/EngineMaterials/DefaultDiffuse.uexp" 475
"../../../Engine/Content/Functions/Engine_MaterialFunctions02/Utility/BreakOutFloat2Components.uasset" 476
"../../../Engine/Content/Functions/Engine_MaterialFunctions02/Utility/BreakOutFloat2Components.uexp" 477
"../../../Engine/Content/EngineMaterials/DefaultPostProcessMaterial.uasset" 478
"../../../Engine/Content/EngineMaterials/DefaultPostProcessMaterial.uexp" 479
"../../../Engine/Content/EngineMaterials/DefaultPhysicalMaterial.uasset" 480
"../../../Engine/Content/EngineMaterials/DefaultPhysicalMaterial.uexp" 481
"../../../Engine/Content/EngineMaterials/DefaultLightFunctionMaterial.uasset" 482
"../../../Engine/Content/EngineMaterials/DefaultLightFunctionMaterial.uexp" 483
"../../../Engine/Content/EngineMaterials/DefaultDestructiblePhysicalMaterial.uasset" 484
"../../../Engine/Content/EngineMaterials/DefaultDestructiblePhysicalMaterial.uexp" 485
"../../../Engine/Content/EngineMaterials/DefaultDeferredDecalMaterial.uasset" 486
"../../../Engine/Content/EngineMaterials/DefaultDeferredDecalMaterial.uexp" 487
"../../../Engine/Content/EngineMaterials/DefaultBloomKernel.uasset" 488
"../../../Engine/Content/EngineMaterials/DefaultBloomKernel.uexp" 489
"../../../Engine/Plugins/Interchange/Runtime/Content/Materials/UnlitMaterial.uasset" 490
"../../../Engine/Plugins/Interchange/Runtime/Content/Materials/UnlitMaterial.uexp" 491
"../../../Engine/Plugins/Interchange/Runtime/Content/Materials/ThinTranslucentMaterial.uasset" 492
"../../../Engine/Plugins/Interchange/Runtime/Content/Materials/ThinTranslucentMaterial.uexp" 493
"../../../Engine/Content/EngineMaterials/FlatNormal.uasset" 494
"../../../Engine/Content/EngineMaterials/FlatNormal.uexp" 495
"../../../Engine/Plugins/Interchange/Runtime/Content/Functions/MF_OrenNayerView.uasset" 496
"../../../Engine/Plugins/Interchange/Runtime/Content/Functions/MF_OrenNayerView.uexp" 497
"../../../Engine/Content/EditorLandscapeResources/WhiteSquareTexture.uasset" 498
"../../../Engine/Content/EditorLandscapeResources/WhiteSquareTexture.uexp" 499
"../../../Engine/Plugins/Interchange/Runtime/Content/Functions/MF_SchlickApprox.uasset" 500
"../../../Engine/Plugins/Interchange/Runtime/Content/Functions/MF_SchlickApprox.uexp" 501
"../../../Engine/Plugins/Interchange/Runtime/Content/Utilities/New_LUT.uasset" 502
"../../../Engine/Plugins/Interchange/Runtime/Content/Utilities/New_LUT.uexp" 503
"../../../Engine/Content/Functions/Engine_MaterialFunctions03/Math/RemapValueRange.uasset" 504
"../../../Engine/Content/Functions/Engine_MaterialFunctions03/Math/RemapValueRange.uexp" 505
"../../../Engine/Plugins/Interchange/Runtime/Content/Functions/MF_Iridescence.uasset" 506
"../../../Engine/Plugins/Interchange/Runtime/Content/Functions/MF_Iridescence.uexp" 507
"../../../Engine/Plugins/Interchange/Runtime/Content/Materials/OrenNayerMaterial.uasset" 508
"../../../Engine/Plugins/Interchange/Runtime/Content/Materials/OrenNayerMaterial.uexp" 509
"../../../Engine/Plugins/Interchange/Runtime/Content/Materials/SubsurfaceMaterial.uasset" 510
"../../../Engine/Plugins/Interchange/Runtime/Content/Materials/SubsurfaceMaterial.uexp" 511
"../../../Engine/Plugins/Interchange/Runtime/Content/Materials/SheenMaterial.uasset" 512
"../../../Engine/Plugins/Interchange/Runtime/Content/Materials/SheenMaterial.uexp" 513
"../../../Engine/Content/Functions/Engine_MaterialFunctions01/Shading/ConvertFromDiffSpec.uasset" 514
"../../../Engine/Content/Functions/Engine_MaterialFunctions01/Shading/ConvertFromDiffSpec.uexp" 515
"../../../Engine/Plugins/Interchange/Runtime/Content/Materials/PhongSurfaceMaterial.uasset" 516
"../../../Engine/Plugins/Interchange/Runtime/Content/Materials/PhongSurfaceMaterial.uexp" 517
"../../../Engine/Plugins/Interchange/Runtime/Content/Materials/PBRSurfaceMaterial.uasset" 518
"../../../Engine/Plugins/Interchange/Runtime/Content/Materials/PBRSurfaceMaterial.uexp" 519
"../../../Engine/Plugins/Interchange/Runtime/Content/Materials/LambertSurfaceMaterial.uasset" 520
"../../../Engine/Plugins/Interchange/Runtime/Content/Materials/LambertSurfaceMaterial.uexp" 521
"../../../Engine/Content/EngineResources/FilmGrains/Marcie_Grain_v3_128_M2_000.uasset" 522
"../../../Engine/Content/EngineResources/FilmGrains/Marcie_Grain_v3_128_M2_000.uexp" 523
"../../../Engine/Content/EngineSky/T_Sky_Stars.ubulk" 524
"../../../Engine/Content/EngineSky/T_Sky_Stars.uasset" 525
"../../../Engine/Content/EngineSky/T_Sky_Stars.uexp" 526
"../../../Engine/Content/EngineSky/T_Sky_Clouds_M.ubulk" 527
"../../../Engine/Content/EngineSky/T_Sky_Clouds_M.uasset" 528
"../../../Engine/Content/EngineSky/T_Sky_Clouds_M.uexp" 529
"../../../Engine/Content/EngineSky/T_Sky_Blue.ubulk" 530
"../../../Engine/Content/EngineSky/T_Sky_Blue.uasset" 531
"../../../Engine/Content/EngineSky/T_Sky_Blue.uexp" 532
"../../../Engine/Content/EngineSky/M_Sky_Panning_Clouds2.uasset" 533
"../../../Engine/Content/EngineSky/M_Sky_Panning_Clouds2.uexp" 534
"../../../Engine/Content/EngineSky/SM_SkySphere.ubulk" 535
"../../../Engine/Content/EngineSky/SM_SkySphere.uasset" 536
"../../../Engine/Content/EngineSky/SM_SkySphere.uexp" 537
"../../../Engine/Content/EngineSky/M_SimpleSkyDome.uasset" 538
"../../../Engine/Content/EngineSky/M_SimpleSkyDome.uexp" 539
"../../../Engine/Content/EngineSky/VolumetricClouds/CloudWeatherTexture.uasset" 540
"../../../Engine/Content/EngineSky/VolumetricClouds/CloudWeatherTexture.uexp" 541
"../../../Engine/Content/Functions/Engine_MaterialFunctions02/Utility/MakeFloat2.uasset" 542
"../../../Engine/Content/Functions/Engine_MaterialFunctions02/Utility/MakeFloat2.uexp" 543
"../../../Engine/Content/EngineSky/VolumetricClouds/CloudGradientTexture.uasset" 544
"../../../Engine/Content/EngineSky/VolumetricClouds/CloudGradientTexture.uexp" 545
"../../../Engine/Content/EngineSky/VolumetricClouds/T_NoiseShape64.ubulk" 546
"../../../Engine/Content/EngineSky/VolumetricClouds/T_NoiseShape64.uasset" 547
"../../../Engine/Content/EngineSky/VolumetricClouds/T_NoiseShape64.uexp" 548
"../../../Engine/Content/EngineSky/VolumetricClouds/T_VolumeNoiseShape64.uasset" 549
"../../../Engine/Content/EngineSky/VolumetricClouds/T_VolumeNoiseShape64.uexp" 550
"../../../Engine/Content/EngineSky/VolumetricClouds/T_NoiseErosion.ubulk" 551
"../../../Engine/Content/EngineSky/VolumetricClouds/T_NoiseErosion.uasset" 552
"../../../Engine/Content/EngineSky/VolumetricClouds/T_NoiseErosion.uexp" 553
"../../../Engine/Content/EngineSky/VolumetricClouds/T_VolumeNoiseErosion32.uasset" 554
"../../../Engine/Content/EngineSky/VolumetricClouds/T_VolumeNoiseErosion32.uexp" 555
"../../../Engine/Content/EngineSky/VolumetricClouds/m_SimpleVolumetricCloud.uasset" 556
"../../../Engine/Content/EngineSky/VolumetricClouds/m_SimpleVolumetricCloud.uexp" 557
"../../../Engine/Content/EngineSky/VolumetricClouds/m_SimpleVolumetricCloud_Inst.uasset" 558
"../../../Engine/Content/EngineSky/VolumetricClouds/m_SimpleVolumetricCloud_Inst.uexp" 559
"../../../Engine/Content/EngineSounds/Master.uasset" 560
"../../../Engine/Content/EngineSounds/Master.uexp" 561
"../../../Engine/Content/Functions/Engine_MaterialFunctions01/Shading/PowerToRoughness.uasset" 562
"../../../Engine/Content/Functions/Engine_MaterialFunctions01/Shading/PowerToRoughness.uexp" 563
"../../../Engine/Content/Maps/Templates/HLODs/HLODLayer_Merged.uasset" 564
"../../../Engine/Content/Maps/Templates/HLODs/HLODLayer_Merged.uexp" 565
"../../../Engine/Content/MobileResources/HUD/VirtualJoystick_Background.uasset" 566
"../../../Engine/Content/MobileResources/HUD/VirtualJoystick_Background.uexp" 567
"../../../Engine/Content/MobileResources/HUD/VirtualJoystick_Thumb.uasset" 568
"../../../Engine/Content/MobileResources/HUD/VirtualJoystick_Thumb.uexp" 569
"../../../Engine/Content/MobileResources/HUD/DefaultVirtualJoysticks.uasset" 570
"../../../Engine/Content/MobileResources/HUD/DefaultVirtualJoysticks.uexp" 571
"../../../Engine/Plugins/2D/Paper2D/Content/PlaceholderTextures/DummySpriteTexture.ubulk" 572
"../../../Engine/Plugins/2D/Paper2D/Content/PlaceholderTextures/DummySpriteTexture.uasset" 573
"../../../Engine/Plugins/2D/Paper2D/Content/PlaceholderTextures/DummySpriteTexture.uexp" 574
"../../../Engine/Plugins/2D/Paper2D/Content/DefaultSpriteMaterial.uasset" 575
"../../../Engine/Plugins/2D/Paper2D/Content/DefaultSpriteMaterial.uexp" 576
"../../../Engine/Plugins/2D/Paper2D/Content/OpaqueUnlitSpriteMaterial.uasset" 577
"../../../Engine/Plugins/2D/Paper2D/Content/OpaqueUnlitSpriteMaterial.uexp" 578
"../../../Engine/Plugins/2D/Paper2D/Content/MaskedUnlitSpriteMaterial.uasset" 579
"../../../Engine/Plugins/2D/Paper2D/Content/MaskedUnlitSpriteMaterial.uexp" 580
"../../../Engine/Plugins/2D/Paper2D/Content/DummySprite.uasset" 581
"../../../Engine/Plugins/2D/Paper2D/Content/DummySprite.uexp" 582
"../../../Engine/Plugins/2D/Paper2D/Content/DefaultPaperTerrainMaterial.uasset" 583
"../../../Engine/Plugins/2D/Paper2D/Content/DefaultPaperTerrainMaterial.uexp" 584
"../../../Engine/Plugins/Animation/ControlRig/Content/M_Manip.uasset" 585
"../../../Engine/Plugins/Animation/ControlRig/Content/M_Manip.uexp" 586
"../../../Engine/Plugins/Animation/ControlRig/Content/Controls/DefaultGizmoLibraryNormalized.uasset" 587
"../../../Engine/Plugins/Animation/ControlRig/Content/Controls/DefaultGizmoLibraryNormalized.uexp" 588
"../../../Engine/Plugins/Animation/ControlRig/Content/Controls/ControlRig_Wedge_solid.ubulk" 589
"../../../Engine/Plugins/Animation/ControlRig/Content/Controls/ControlRig_Wedge_solid.uasset" 590
"../../../Engine/Plugins/Animation/ControlRig/Content/Controls/ControlRig_Wedge_solid.uexp" 591
"../../../Engine/Plugins/Animation/ControlRig/Content/Controls/ControlRig_Wedge_3mm.ubulk" 592
"../../../Engine/Plugins/Animation/ControlRig/Content/Controls/ControlRig_Wedge_3mm.uasset" 593
"../../../Engine/Plugins/Animation/ControlRig/Content/Controls/ControlRig_Wedge_3mm.uexp" 594
"../../../Engine/Plugins/Animation/ControlRig/Content/Controls/ControlRig_Wedge_1mm.ubulk" 595
"../../../Engine/Plugins/Animation/ControlRig/Content/Controls/ControlRig_Wedge_1mm.uasset" 596
"../../../Engine/Plugins/Animation/ControlRig/Content/Controls/ControlRig_Wedge_1mm.uexp" 597
"../../../Engine/Plugins/Animation/ControlRig/Content/Controls/ControlRig_Triangle_solid.ubulk" 598
"../../../Engine/Plugins/Animation/ControlRig/Content/Controls/ControlRig_Triangle_solid.uasset" 599
"../../../Engine/Plugins/Animation/ControlRig/Content/Controls/ControlRig_Triangle_solid.uexp" 600
"../../../Engine/Plugins/Animation/ControlRig/Content/Controls/ControlRig_Triangle_3mm.ubulk" 601
"../../../Engine/Plugins/Animation/ControlRig/Content/Controls/ControlRig_Triangle_3mm.uasset" 602
"../../../Engine/Plugins/Animation/ControlRig/Content/Controls/ControlRig_Triangle_3mm.uexp" 603
"../../../Engine/Plugins/Animation/ControlRig/Content/Controls/ControlRig_Triangle_1mm.ubulk" 604
"../../../Engine/Plugins/Animation/ControlRig/Content/Controls/ControlRig_Triangle_1mm.uasset" 605
"../../../Engine/Plugins/Animation/ControlRig/Content/Controls/ControlRig_Triangle_1mm.uexp" 606
"../../../Engine/Plugins/Animation/ControlRig/Content/Controls/ControlRig_Star4_solid.ubulk" 607
"../../../Engine/Plugins/Animation/ControlRig/Content/Controls/ControlRig_Star4_solid.uasset" 608
"../../../Engine/Plugins/Animation/ControlRig/Content/Controls/ControlRig_Star4_solid.uexp" 609
"../../../Engine/Plugins/Animation/ControlRig/Content/Controls/ControlRig_Star4_3mm.ubulk" 610
"../../../Engine/Plugins/Animation/ControlRig/Content/Controls/ControlRig_Star4_3mm.uasset" 611
"../../../Engine/Plugins/Animation/ControlRig/Content/Controls/ControlRig_Star4_3mm.uexp" 612
"../../../Engine/Plugins/Animation/ControlRig/Content/Controls/ControlRig_Star4_1mm.ubulk" 613
"../../../Engine/Plugins/Animation/ControlRig/Content/Controls/ControlRig_Star4_1mm.uasset" 614
"../../../Engine/Plugins/Animation/ControlRig/Content/Controls/ControlRig_Star4_1mm.uexp" 615
"../../../Engine/Plugins/Animation/ControlRig/Content/Controls/ControlRig_Square_solid.ubulk" 616
"../../../Engine/Plugins/Animation/ControlRig/Content/Controls/ControlRig_Square_solid.uasset" 617
"../../../Engine/Plugins/Animation/ControlRig/Content/Controls/ControlRig_Square_solid.uexp" 618
"../../../Engine/Plugins/Animation/ControlRig/Content/Controls/ControlRig_Square_3mm.ubulk" 619
"../../../Engine/Plugins/Animation/ControlRig/Content/Controls/ControlRig_Square_3mm.uasset" 620
"../../../Engine/Plugins/Animation/ControlRig/Content/Controls/ControlRig_Square_3mm.uexp" 621
"../../../Engine/Plugins/Animation/ControlRig/Content/Controls/ControlRig_Square_1mm.ubulk" 622
"../../../Engine/Plugins/Animation/ControlRig/Content/Controls/ControlRig_Square_1mm.uasset" 623
"../../../Engine/Plugins/Animation/ControlRig/Content/Controls/ControlRig_Square_1mm.uexp" 624
"../../../Engine/Plugins/Animation/ControlRig/Content/Controls/ControlRig_Sphere_solid.ubulk" 625
"../../../Engine/Plugins/Animation/ControlRig/Content/Controls/ControlRig_Sphere_solid.uasset" 626
"../../../Engine/Plugins/Animation/ControlRig/Content/Controls/ControlRig_Sphere_solid.uexp" 627
"../../../Engine/Plugins/Animation/ControlRig/Content/Controls/ControlRig_Sphere_3mm.ubulk" 628
"../../../Engine/Plugins/Animation/ControlRig/Content/Controls/ControlRig_Sphere_3mm.uasset" 629
"../../../Engine/Plugins/Animation/ControlRig/Content/Controls/ControlRig_Sphere_3mm.uexp" 630
"../../../Engine/Plugins/Animation/ControlRig/Content/Controls/ControlRig_Sphere_1mm.ubulk" 631
"../../../Engine/Plugins/Animation/ControlRig/Content/Controls/ControlRig_Sphere_1mm.uasset" 632
"../../../Engine/Plugins/Animation/ControlRig/Content/Controls/ControlRig_Sphere_1mm.uexp" 633
"../../../Engine/Plugins/Animation/ControlRig/Content/Controls/ControlRig_RoundedTriangle_solid.ubulk" 634
"../../../Engine/Plugins/Animation/ControlRig/Content/Controls/ControlRig_RoundedTriangle_solid.uasset" 635
"../../../Engine/Plugins/Animation/ControlRig/Content/Controls/ControlRig_RoundedTriangle_solid.uexp" 636
"../../../Engine/Plugins/Animation/ControlRig/Content/Controls/ControlRig_RoundedTriangle_3mm.ubulk" 637
"../../../Engine/Plugins/Animation/ControlRig/Content/Controls/ControlRig_RoundedTriangle_3mm.uasset" 638
"../../../Engine/Plugins/Animation/ControlRig/Content/Controls/ControlRig_RoundedTriangle_3mm.uexp" 639
"../../../Engine/Plugins/Animation/ControlRig/Content/Controls/ControlRig_RoundedTriangle_1mm.ubulk" 640
"../../../Engine/Plugins/Animation/ControlRig/Content/Controls/ControlRig_RoundedTriangle_1mm.uasset" 641
"../../../Engine/Plugins/Animation/ControlRig/Content/Controls/ControlRig_RoundedTriangle_1mm.uexp" 642
"../../../Engine/Plugins/Animation/ControlRig/Content/Controls/ControlRig_RoundedSquare_solid.ubulk" 643
"../../../Engine/Plugins/Animation/ControlRig/Content/Controls/ControlRig_RoundedSquare_solid.uasset" 644
"../../../Engine/Plugins/Animation/ControlRig/Content/Controls/ControlRig_RoundedSquare_solid.uexp" 645
"../../../Engine/Plugins/Animation/ControlRig/Content/Controls/ControlRig_RoundedSquare_3mm.ubulk" 646
"../../../Engine/Plugins/Animation/ControlRig/Content/Controls/ControlRig_RoundedSquare_3mm.uasset" 647
"../../../Engine/Plugins/Animation/ControlRig/Content/Controls/ControlRig_RoundedSquare_3mm.uexp" 648
"../../../Engine/Plugins/Animation/ControlRig/Content/Controls/ControlRig_RoundedSquare_1mm.ubulk" 649
"../../../Engine/Plugins/Animation/ControlRig/Content/Controls/ControlRig_RoundedSquare_1mm.uasset" 650
"../../../Engine/Plugins/Animation/ControlRig/Content/Controls/ControlRig_RoundedSquare_1mm.uexp" 651
"../../../Engine/Plugins/Animation/ControlRig/Content/Controls/ControlRig_QuarterCircle_solid.ubulk" 652
"../../../Engine/Plugins/Animation/ControlRig/Content/Controls/ControlRig_QuarterCircle_solid.uasset" 653
"../../../Engine/Plugins/Animation/ControlRig/Content/Controls/ControlRig_QuarterCircle_solid.uexp" 654
"../../../Engine/Plugins/Animation/ControlRig/Content/Controls/ControlRig_QuarterCircle_3mm.ubulk" 655
"../../../Engine/Plugins/Animation/ControlRig/Content/Controls/ControlRig_QuarterCircle_3mm.uasset" 656
"../../../Engine/Plugins/Animation/ControlRig/Content/Controls/ControlRig_QuarterCircle_3mm.uexp" 657
"../../../Engine/Plugins/Animation/ControlRig/Content/Controls/ControlRig_QuarterCircle_1mm.ubulk" 658
"../../../Engine/Plugins/Animation/ControlRig/Content/Controls/ControlRig_QuarterCircle_1mm.uasset" 659
"../../../Engine/Plugins/Animation/ControlRig/Content/Controls/ControlRig_QuarterCircle_1mm.uexp" 660
"../../../Engine/Plugins/Animation/ControlRig/Content/Controls/ControlRig_Pyramid_solid.ubulk" 661
"../../../Engine/Plugins/Animation/ControlRig/Content/Controls/ControlRig_Pyramid_solid.uasset" 662
"../../../Engine/Plugins/Animation/ControlRig/Content/Controls/ControlRig_Pyramid_solid.uexp" 663
"../../../Engine/Plugins/Animation/ControlRig/Content/Controls/ControlRig_Pyramid_3mm.ubulk" 664
"../../../Engine/Plugins/Animation/ControlRig/Content/Controls/ControlRig_Pyramid_3mm.uasset" 665
"../../../Engine/Plugins/Animation/ControlRig/Content/Controls/ControlRig_Pyramid_3mm.uexp" 666
"../../../Engine/Plugins/Animation/ControlRig/Content/Controls/ControlRig_Pyramid_1mm.ubulk" 667
"../../../Engine/Plugins/Animation/ControlRig/Content/Controls/ControlRig_Pyramid_1mm.uasset" 668
"../../../Engine/Plugins/Animation/ControlRig/Content/Controls/ControlRig_Pyramid_1mm.uexp" 669
"../../../Engine/Plugins/Animation/ControlRig/Content/Controls/ControlRig_Octagon_solid.ubulk" 670
"../../../Engine/Plugins/Animation/ControlRig/Content/Controls/ControlRig_Octagon_solid.uasset" 671
"../../../Engine/Plugins/Animation/ControlRig/Content/Controls/ControlRig_Octagon_solid.uexp" 672
"../../../Engine/Plugins/Animation/ControlRig/Content/Controls/ControlRig_Octagon_3mm.ubulk" 673
"../../../Engine/Plugins/Animation/ControlRig/Content/Controls/ControlRig_Octagon_3mm.uasset" 674
"../../../Engine/Plugins/Animation/ControlRig/Content/Controls/ControlRig_Octagon_3mm.uexp" 675
"../../../Engine/Plugins/Animation/ControlRig/Content/Controls/ControlRig_Octagon_1mm.ubulk" 676
"../../../Engine/Plugins/Animation/ControlRig/Content/Controls/ControlRig_Octagon_1mm.uasset" 677
"../../../Engine/Plugins/Animation/ControlRig/Content/Controls/ControlRig_Octagon_1mm.uexp" 678
"../../../Engine/Plugins/Animation/ControlRig/Content/Controls/ControlRig_Hexagon_solid.ubulk" 679
"../../../Engine/Plugins/Animation/ControlRig/Content/Controls/ControlRig_Hexagon_solid.uasset" 680
"../../../Engine/Plugins/Animation/ControlRig/Content/Controls/ControlRig_Hexagon_solid.uexp" 681
"../../../Engine/Plugins/Animation/ControlRig/Content/Controls/ControlRig_Hexagon_3mm.ubulk" 682
"../../../Engine/Plugins/Animation/ControlRig/Content/Controls/ControlRig_Hexagon_3mm.uasset" 683
"../../../Engine/Plugins/Animation/ControlRig/Content/Controls/ControlRig_Hexagon_3mm.uexp" 684
"../../../Engine/Plugins/Animation/ControlRig/Content/Controls/ControlRig_Hexagon_1mm.ubulk" 685
"../../../Engine/Plugins/Animation/ControlRig/Content/Controls/ControlRig_Hexagon_1mm.uasset" 686
"../../../Engine/Plugins/Animation/ControlRig/Content/Controls/ControlRig_Hexagon_1mm.uexp" 687
"../../../Engine/Plugins/Animation/ControlRig/Content/Controls/ControlRig_HalfCircle_solid.ubulk" 688
"../../../Engine/Plugins/Animation/ControlRig/Content/Controls/ControlRig_HalfCircle_solid.uasset" 689
"../../../Engine/Plugins/Animation/ControlRig/Content/Controls/ControlRig_HalfCircle_solid.uexp" 690
"../../../Engine/Plugins/Animation/ControlRig/Content/Controls/ControlRig_HalfCircle_3mm.ubulk" 691
"../../../Engine/Plugins/Animation/ControlRig/Content/Controls/ControlRig_HalfCircle_3mm.uasset" 692
"../../../Engine/Plugins/Animation/ControlRig/Content/Controls/ControlRig_HalfCircle_3mm.uexp" 693
"../../../Engine/Plugins/Animation/ControlRig/Content/Controls/ControlRig_HalfCircle_1mm.ubulk" 694
"../../../Engine/Plugins/Animation/ControlRig/Content/Controls/ControlRig_HalfCircle_1mm.uasset" 695
"../../../Engine/Plugins/Animation/ControlRig/Content/Controls/ControlRig_HalfCircle_1mm.uexp" 696
"../../../Engine/Plugins/Animation/ControlRig/Content/Controls/ControlRig_Diamond_solid.ubulk" 697
"../../../Engine/Plugins/Animation/ControlRig/Content/Controls/ControlRig_Diamond_solid.uasset" 698
"../../../Engine/Plugins/Animation/ControlRig/Content/Controls/ControlRig_Diamond_solid.uexp" 699
"../../../Engine/Plugins/Animation/ControlRig/Content/Controls/ControlRig_Diamond_3mm.ubulk" 700
"../../../Engine/Plugins/Animation/ControlRig/Content/Controls/ControlRig_Diamond_3mm.uasset" 701
"../../../Engine/Plugins/Animation/ControlRig/Content/Controls/ControlRig_Diamond_3mm.uexp" 702
"../../../Engine/Plugins/Animation/ControlRig/Content/Controls/ControlRig_Diamond_1mm.ubulk" 703
"../../../Engine/Plugins/Animation/ControlRig/Content/Controls/ControlRig_Diamond_1mm.uasset" 704
"../../../Engine/Plugins/Animation/ControlRig/Content/Controls/ControlRig_Diamond_1mm.uexp" 705
"../../../Engine/Plugins/Animation/ControlRig/Content/Controls/ControlRig_Circle_solid.ubulk" 706
"../../../Engine/Plugins/Animation/ControlRig/Content/Controls/ControlRig_Circle_solid.uasset" 707
"../../../Engine/Plugins/Animation/ControlRig/Content/Controls/ControlRig_Circle_solid.uexp" 708
"../../../Engine/Plugins/Animation/ControlRig/Content/Controls/ControlRig_Circle_3mm.ubulk" 709
"../../../Engine/Plugins/Animation/ControlRig/Content/Controls/ControlRig_Circle_3mm.uasset" 710
"../../../Engine/Plugins/Animation/ControlRig/Content/Controls/ControlRig_Circle_3mm.uexp" 711
"../../../Engine/Plugins/Animation/ControlRig/Content/Controls/ControlRig_Circle_1mm.ubulk" 712
"../../../Engine/Plugins/Animation/ControlRig/Content/Controls/ControlRig_Circle_1mm.uasset" 713
"../../../Engine/Plugins/Animation/ControlRig/Content/Controls/ControlRig_Circle_1mm.uexp" 714
"../../../Engine/Plugins/Animation/ControlRig/Content/Controls/ControlRig_Box_solid.ubulk" 715
"../../../Engine/Plugins/Animation/ControlRig/Content/Controls/ControlRig_Box_solid.uasset" 716
"../../../Engine/Plugins/Animation/ControlRig/Content/Controls/ControlRig_Box_solid.uexp" 717
"../../../Engine/Plugins/Animation/ControlRig/Content/Controls/ControlRig_Box_3mm.ubulk" 718
"../../../Engine/Plugins/Animation/ControlRig/Content/Controls/ControlRig_Box_3mm.uasset" 719
"../../../Engine/Plugins/Animation/ControlRig/Content/Controls/ControlRig_Box_3mm.uexp" 720
"../../../Engine/Plugins/Animation/ControlRig/Content/Controls/ControlRig_Box_1mm.ubulk" 721
"../../../Engine/Plugins/Animation/ControlRig/Content/Controls/ControlRig_Box_1mm.uasset" 722
"../../../Engine/Plugins/Animation/ControlRig/Content/Controls/ControlRig_Box_1mm.uexp" 723
"../../../Engine/Plugins/Animation/ControlRig/Content/Controls/ControlRig_Arrow_solid.ubulk" 724
"../../../Engine/Plugins/Animation/ControlRig/Content/Controls/ControlRig_Arrow_solid.uasset" 725
"../../../Engine/Plugins/Animation/ControlRig/Content/Controls/ControlRig_Arrow_solid.uexp" 726
"../../../Engine/Plugins/Animation/ControlRig/Content/Controls/ControlRig_Arrow_3mm.ubulk" 727
"../../../Engine/Plugins/Animation/ControlRig/Content/Controls/ControlRig_Arrow_3mm.uasset" 728
"../../../Engine/Plugins/Animation/ControlRig/Content/Controls/ControlRig_Arrow_3mm.uexp" 729
"../../../Engine/Plugins/Animation/ControlRig/Content/Controls/ControlRig_Arrow_1mm.ubulk" 730
"../../../Engine/Plugins/Animation/ControlRig/Content/Controls/ControlRig_Arrow_1mm.uasset" 731
"../../../Engine/Plugins/Animation/ControlRig/Content/Controls/ControlRig_Arrow_1mm.uexp" 732
"../../../Engine/Plugins/Animation/ControlRig/Content/Controls/ControlRig_Arrow4_solid.ubulk" 733
"../../../Engine/Plugins/Animation/ControlRig/Content/Controls/ControlRig_Arrow4_solid.uasset" 734
"../../../Engine/Plugins/Animation/ControlRig/Content/Controls/ControlRig_Arrow4_solid.uexp" 735
"../../../Engine/Plugins/Animation/ControlRig/Content/Controls/ControlRig_Arrow4_3mm.ubulk" 736
"../../../Engine/Plugins/Animation/ControlRig/Content/Controls/ControlRig_Arrow4_3mm.uasset" 737
"../../../Engine/Plugins/Animation/ControlRig/Content/Controls/ControlRig_Arrow4_3mm.uexp" 738
"../../../Engine/Plugins/Animation/ControlRig/Content/Controls/ControlRig_Arrow4_1mm.ubulk" 739
"../../../Engine/Plugins/Animation/ControlRig/Content/Controls/ControlRig_Arrow4_1mm.uasset" 740
"../../../Engine/Plugins/Animation/ControlRig/Content/Controls/ControlRig_Arrow4_1mm.uexp" 741
"../../../Engine/Plugins/Animation/ControlRig/Content/Controls/ControlRig_Arrow2_solid.ubulk" 742
"../../../Engine/Plugins/Animation/ControlRig/Content/Controls/ControlRig_Arrow2_solid.uasset" 743
"../../../Engine/Plugins/Animation/ControlRig/Content/Controls/ControlRig_Arrow2_solid.uexp" 744
"../../../Engine/Plugins/Animation/ControlRig/Content/Controls/ControlRig_Arrow2_3mm.ubulk" 745
"../../../Engine/Plugins/Animation/ControlRig/Content/Controls/ControlRig_Arrow2_3mm.uasset" 746
"../../../Engine/Plugins/Animation/ControlRig/Content/Controls/ControlRig_Arrow2_3mm.uexp" 747
"../../../Engine/Plugins/Animation/ControlRig/Content/Controls/ControlRig_Arrow2_1mm.ubulk" 748
"../../../Engine/Plugins/Animation/ControlRig/Content/Controls/ControlRig_Arrow2_1mm.uasset" 749
"../../../Engine/Plugins/Animation/ControlRig/Content/Controls/ControlRig_Arrow2_1mm.uexp" 750
"../../../Engine/Plugins/Animation/ControlRig/Content/Controls/ControlRigXRayMaterial.uasset" 751
"../../../Engine/Plugins/Animation/ControlRig/Content/Controls/ControlRigXRayMaterial.uexp" 752
"../../../Engine/Plugins/Animation/ControlRig/Content/Controls/ControlRigGizmoMaterial.uasset" 753
"../../../Engine/Plugins/Animation/ControlRig/Content/Controls/ControlRigGizmoMaterial.uexp" 754
"../../../Engine/Plugins/Editor/SpeedTreeImporter/Content/SpeedTree9/game_wind_noise.ubulk" 755
"../../../Engine/Plugins/Editor/SpeedTreeImporter/Content/SpeedTree9/game_wind_noise.uasset" 756
"../../../Engine/Plugins/Editor/SpeedTreeImporter/Content/SpeedTree9/game_wind_noise.uexp" 757
"../../../Engine/Plugins/Editor/SpeedTreeImporter/Content/SpeedTree9/UnpackDirection.uasset" 758
"../../../Engine/Plugins/Editor/SpeedTreeImporter/Content/SpeedTree9/UnpackDirection.uexp" 759
"../../../Engine/Content/Functions/Engine_MaterialFunctions02/ObjectLocalBounds.uasset" 760
"../../../Engine/Content/Functions/Engine_MaterialFunctions02/ObjectLocalBounds.uexp" 761
"../../../Engine/Content/Functions/Engine_MaterialFunctions02/UVs/BoundingBoxBased_0-1_UVW.uasset" 762
"../../../Engine/Content/Functions/Engine_MaterialFunctions02/UVs/BoundingBoxBased_0-1_UVW.uexp" 763
"../../../Engine/Content/Functions/Engine_MaterialFunctions02/Utility/VectorLength.uasset" 764
"../../../Engine/Content/Functions/Engine_MaterialFunctions02/Utility/VectorLength.uexp" 765
"../../../Engine/Plugins/Editor/SpeedTreeImporter/Content/SpeedTree9/UnpackInteger3.uasset" 766
"../../../Engine/Plugins/Editor/SpeedTreeImporter/Content/SpeedTree9/UnpackInteger3.uexp" 767
"../../../Engine/Plugins/Editor/SpeedTreeImporter/Content/SpeedTree9/SpeedTreeCameraFacing.uasset" 768
"../../../Engine/Plugins/Editor/SpeedTreeImporter/Content/SpeedTree9/SpeedTreeCameraFacing.uexp" 769
"../../../Engine/Content/Functions/Engine_MaterialFunctions02/WorldPositionOffset/ObjectScale.uasset" 770
"../../../Engine/Content/Functions/Engine_MaterialFunctions02/WorldPositionOffset/ObjectScale.uexp" 771
"../../../Engine/Content/Functions/Engine_MaterialFunctions02/SafeNormalize.uasset" 772
"../../../Engine/Content/Functions/Engine_MaterialFunctions02/SafeNormalize.uexp" 773
"../../../Engine/Plugins/Editor/SpeedTreeImporter/Content/SpeedTree9/SpeedTreeWindMotion.uasset" 774
"../../../Engine/Plugins/Editor/SpeedTreeImporter/Content/SpeedTree9/SpeedTreeWindMotion.uexp" 775
"../../../Engine/Plugins/Editor/SpeedTreeImporter/Content/SpeedTree9/SpeedTreeBranchMotion.uasset" 776
"../../../Engine/Plugins/Editor/SpeedTreeImporter/Content/SpeedTree9/SpeedTreeBranchMotion.uexp" 777
"../../../Engine/Plugins/Editor/SpeedTreeImporter/Content/SpeedTree9/SpeedTreeWind.uasset" 778
"../../../Engine/Plugins/Editor/SpeedTreeImporter/Content/SpeedTree9/SpeedTreeWind.uexp" 779
"../../../Engine/Plugins/Editor/SpeedTreeImporter/Content/SpeedTree9/EmptyNormal.uasset" 780
"../../../Engine/Plugins/Editor/SpeedTreeImporter/Content/SpeedTree9/EmptyNormal.uexp" 781
"../../../Engine/Plugins/Editor/SpeedTreeImporter/Content/SpeedTree9/Empty.uasset" 782
"../../../Engine/Plugins/Editor/SpeedTreeImporter/Content/SpeedTree9/Empty.uexp" 783
"../../../Engine/Plugins/Editor/SpeedTreeImporter/Content/SpeedTree9/SpeedTreeMaster.uasset" 784
"../../../Engine/Plugins/Editor/SpeedTreeImporter/Content/SpeedTree9/SpeedTreeMaster.uexp" 785
"../../../Engine/Plugins/Editor/SpeedTreeImporter/Content/SpeedTree9/SpeedTreeBillboard.uasset" 786
"../../../Engine/Plugins/Editor/SpeedTreeImporter/Content/SpeedTree9/SpeedTreeBillboard.uexp" 787
"../../../Engine/Plugins/Editor/SpeedTreeImporter/Content/SpeedTree9/SpeedTreeBillboardMaster.uasset" 788
"../../../Engine/Plugins/Editor/SpeedTreeImporter/Content/SpeedTree9/SpeedTreeBillboardMaster.uexp" 789
"../../../Engine/Plugins/Interchange/Runtime/Content/Pipelines/DefaultSceneAssetsPipeline.uasset" 790
"../../../Engine/Plugins/Interchange/Runtime/Content/Pipelines/DefaultSceneAssetsPipeline.uexp" 791
"../../../Engine/Plugins/Interchange/Runtime/Content/Pipelines/DefaultTexturePipeline.uasset" 792
"../../../Engine/Plugins/Interchange/Runtime/Content/Pipelines/DefaultTexturePipeline.uexp" 793
"../../../Engine/Plugins/Interchange/Runtime/Content/Pipelines/DefaultSceneLevelPipeline.uasset" 794
"../../../Engine/Plugins/Interchange/Runtime/Content/Pipelines/DefaultSceneLevelPipeline.uexp" 795
"../../../Engine/Content/Functions/Engine_MaterialFunctions02/Texturing/CustomRotator.uasset" 796
"../../../Engine/Content/Functions/Engine_MaterialFunctions02/Texturing/CustomRotator.uexp" 797
"../../../Engine/Content/Functions/Engine_MaterialFunctions02/Texturing/ScreenAlignedPixelToPixelUVs.uasset" 798
"../../../Engine/Content/Functions/Engine_MaterialFunctions02/Texturing/ScreenAlignedPixelToPixelUVs.uexp" 799
"../../../Engine/Plugins/Interchange/Runtime/Content/Utilities/T_Bayer64_Grayscale_64px.uasset" 800
"../../../Engine/Plugins/Interchange/Runtime/Content/Utilities/T_Bayer64_Grayscale_64px.uexp" 801
"../../../Engine/Plugins/Interchange/Runtime/Content/gltf/MaterialFunctions/MF_Temporal_Blur.uasset" 802
"../../../Engine/Plugins/Interchange/Runtime/Content/gltf/MaterialFunctions/MF_Temporal_Blur.uexp" 803
"../../../Engine/Plugins/Interchange/Runtime/Content/gltf/MaterialFunctions/MF_Fresnel_DS.uasset" 804
"../../../Engine/Plugins/Interchange/Runtime/Content/gltf/MaterialFunctions/MF_Fresnel_DS.uexp" 805
"../../../Engine/Plugins/Interchange/Runtime/Content/Functions/MX_Transmission.uasset" 806
"../../../Engine/Plugins/Interchange/Runtime/Content/Functions/MX_Transmission.uexp" 807
"../../../Engine/Plugins/Interchange/Runtime/Content/Functions/MX_StandardSurface.uasset" 808
"../../../Engine/Plugins/Interchange/Runtime/Content/Functions/MX_StandardSurface.uexp" 809
"../../../Engine/Plugins/Interchange/Runtime/Content/Functions/MX_TransmissionSurface.uasset" 810
"../../../Engine/Plugins/Interchange/Runtime/Content/Functions/MX_TransmissionSurface.uexp" 811
"../../../Engine/Content/Functions/Engine_MaterialFunctions02/WorldPositionOffset/V2/ObjectScale.uasset" 812
"../../../Engine/Content/Functions/Engine_MaterialFunctions02/WorldPositionOffset/V2/ObjectScale.uexp" 813
"../../../Engine/Plugins/Interchange/Runtime/Content/gltf/MaterialFunctions/MF_TransmissionOpacity.uasset" 814
"../../../Engine/Plugins/Interchange/Runtime/Content/gltf/MaterialFunctions/MF_TransmissionOpacity.uexp" 815
"../../../Engine/Plugins/Interchange/Runtime/Content/gltf/MaterialFunctions/MF_Transmission.uasset" 816
"../../../Engine/Plugins/Interchange/Runtime/Content/gltf/MaterialFunctions/MF_Transmission.uexp" 817
"../../../Engine/Plugins/Interchange/Runtime/Content/gltf/M_Transmission.uasset" 818
"../../../Engine/Plugins/Interchange/Runtime/Content/gltf/M_Transmission.uexp" 819
"../../../Engine/Plugins/Interchange/Runtime/Content/gltf/MaterialInstances_MR/MI_Transmission_TS.uasset" 820
"../../../Engine/Plugins/Interchange/Runtime/Content/gltf/MaterialInstances_MR/MI_Transmission_TS.uexp" 821
"../../../Engine/Plugins/Interchange/Runtime/Content/gltf/MaterialInstances_MR/MI_Transmission.uasset" 822
"../../../Engine/Plugins/Interchange/Runtime/Content/gltf/MaterialInstances_MR/MI_Transmission.uexp" 823
"../../../Engine/Plugins/Interchange/Runtime/Content/gltf/M_Translucent.uasset" 824
"../../../Engine/Plugins/Interchange/Runtime/Content/gltf/M_Translucent.uexp" 825
"../../../Engine/Plugins/Interchange/Runtime/Content/gltf/MaterialInstances_MR/MI_Translucent_TS.uasset" 826
"../../../Engine/Plugins/Interchange/Runtime/Content/gltf/MaterialInstances_MR/MI_Translucent_TS.uexp" 827
"../../../Engine/Plugins/Interchange/Runtime/Content/gltf/MaterialInstances_MR/MI_Translucent_ClearCoat_TS.uasset" 828
"../../../Engine/Plugins/Interchange/Runtime/Content/gltf/MaterialInstances_MR/MI_Translucent_ClearCoat_TS.uexp" 829
"../../../Engine/Plugins/Interchange/Runtime/Content/gltf/MaterialInstances_MR/MI_Translucent_ClearCoat.uasset" 830
"../../../Engine/Plugins/Interchange/Runtime/Content/gltf/MaterialInstances_MR/MI_Translucent_ClearCoat.uexp" 831
"../../../Engine/Plugins/Interchange/Runtime/Content/gltf/MaterialInstances_MR/MI_Translucent.uasset" 832
"../../../Engine/Plugins/Interchange/Runtime/Content/gltf/MaterialInstances_MR/MI_Translucent.uexp" 833
"../../../Engine/Plugins/Interchange/Runtime/Content/gltf/M_Unlit.uasset" 834
"../../../Engine/Plugins/Interchange/Runtime/Content/gltf/M_Unlit.uexp" 835
"../../../Engine/Plugins/Interchange/Runtime/Content/gltf/MaterialInstances_MR/MI_Opaque_Unlit_TS.uasset" 836
"../../../Engine/Plugins/Interchange/Runtime/Content/gltf/MaterialInstances_MR/MI_Opaque_Unlit_TS.uexp" 837
"../../../Engine/Plugins/Interchange/Runtime/Content/gltf/MaterialInstances_MR/MI_Opaque_Unlit.uasset" 838
"../../../Engine/Plugins/Interchange/Runtime/Content/gltf/MaterialInstances_MR/MI_Opaque_Unlit.uexp" 839
"../../../Engine/Plugins/Interchange/Runtime/Content/gltf/MaterialInstances_MR/MI_Opaque_TS.uasset" 840
"../../../Engine/Plugins/Interchange/Runtime/Content/gltf/MaterialInstances_MR/MI_Opaque_TS.uexp" 841
"../../../Engine/Plugins/Interchange/Runtime/Content/gltf/MaterialFunctions/MF_Sheen.uasset" 842
"../../../Engine/Plugins/Interchange/Runtime/Content/gltf/MaterialFunctions/MF_Sheen.uexp" 843
"../../../Engine/Content/Functions/Engine_MaterialFunctions01/Shading/FuzzyShading.uasset" 844
"../../../Engine/Content/Functions/Engine_MaterialFunctions01/Shading/FuzzyShading.uexp" 845
"../../../Engine/Plugins/Interchange/Runtime/Content/gltf/M_Sheen.uasset" 846
"../../../Engine/Plugins/Interchange/Runtime/Content/gltf/M_Sheen.uexp" 847
"../../../Engine/Plugins/Interchange/Runtime/Content/gltf/MaterialInstances_MR/MI_Opaque_Sheen_TS.uasset" 848
"../../../Engine/Plugins/Interchange/Runtime/Content/gltf/MaterialInstances_MR/MI_Opaque_Sheen_TS.uexp" 849
"../../../Engine/Plugins/Interchange/Runtime/Content/gltf/MaterialInstances_MR/MI_Opaque_Sheen.uasset" 850
"../../../Engine/Plugins/Interchange/Runtime/Content/gltf/MaterialInstances_MR/MI_Opaque_Sheen.uexp" 851
"../../../Engine/Plugins/Interchange/Runtime/Content/gltf/MaterialInstances_MR/MI_Opaque_ClearCoat_TS.uasset" 852
"../../../Engine/Plugins/Interchange/Runtime/Content/gltf/MaterialInstances_MR/MI_Opaque_ClearCoat_TS.uexp" 853
"../../../Engine/Plugins/Interchange/Runtime/Content/gltf/MaterialInstances_MR/MI_Opaque_ClearCoat.uasset" 854
"../../../Engine/Plugins/Interchange/Runtime/Content/gltf/MaterialInstances_MR/MI_Opaque_ClearCoat.uexp" 855
"../../../Engine/Plugins/Interchange/Runtime/Content/gltf/MaterialInstances_MR/MI_Opaque.uasset" 856
"../../../Engine/Plugins/Interchange/Runtime/Content/gltf/MaterialInstances_MR/MI_Opaque.uexp" 857
"../../../Engine/Plugins/Interchange/Runtime/Content/gltf/MaterialInstances_SG/MI_Transmission_TS.uasset" 858
"../../../Engine/Plugins/Interchange/Runtime/Content/gltf/MaterialInstances_SG/MI_Transmission_TS.uexp" 859
"../../../Engine/Plugins/Interchange/Runtime/Content/gltf/MaterialInstances_SG/MI_Transmission.uasset" 860
"../../../Engine/Plugins/Interchange/Runtime/Content/gltf/MaterialInstances_SG/MI_Transmission.uexp" 861
"../../../Engine/Plugins/Interchange/Runtime/Content/gltf/MaterialInstances_SG/MI_Translucent_TS.uasset" 862
"../../../Engine/Plugins/Interchange/Runtime/Content/gltf/MaterialInstances_SG/MI_Translucent_TS.uexp" 863
"../../../Engine/Plugins/Interchange/Runtime/Content/gltf/MaterialInstances_SG/MI_Translucent_ClearCoat_TS.uasset" 864
"../../../Engine/Plugins/Interchange/Runtime/Content/gltf/MaterialInstances_SG/MI_Translucent_ClearCoat_TS.uexp" 865
"../../../Engine/Plugins/Interchange/Runtime/Content/gltf/MaterialInstances_SG/MI_Translucent_ClearCoat.uasset" 866
"../../../Engine/Plugins/Interchange/Runtime/Content/gltf/MaterialInstances_SG/MI_Translucent_ClearCoat.uexp" 867
"../../../Engine/Plugins/Interchange/Runtime/Content/gltf/MaterialInstances_SG/MI_Translucent.uasset" 868
"../../../Engine/Plugins/Interchange/Runtime/Content/gltf/MaterialInstances_SG/MI_Translucent.uexp" 869
"../../../Engine/Plugins/Interchange/Runtime/Content/gltf/MaterialInstances_SG/MI_Opaque_TS.uasset" 870
"../../../Engine/Plugins/Interchange/Runtime/Content/gltf/MaterialInstances_SG/MI_Opaque_TS.uexp" 871
"../../../Engine/Plugins/Interchange/Runtime/Content/gltf/MaterialInstances_SG/MI_Opaque_Sheen_TS.uasset" 872
"../../../Engine/Plugins/Interchange/Runtime/Content/gltf/MaterialInstances_SG/MI_Opaque_Sheen_TS.uexp" 873
"../../../Engine/Plugins/Interchange/Runtime/Content/gltf/MaterialInstances_SG/MI_Opaque_Sheen.uasset" 874
"../../../Engine/Plugins/Interchange/Runtime/Content/gltf/MaterialInstances_SG/MI_Opaque_Sheen.uexp" 875
"../../../Engine/Plugins/Interchange/Runtime/Content/gltf/MaterialInstances_SG/MI_Opaque_ClearCoat_TS.uasset" 876
"../../../Engine/Plugins/Interchange/Runtime/Content/gltf/MaterialInstances_SG/MI_Opaque_ClearCoat_TS.uexp" 877
"../../../Engine/Plugins/Interchange/Runtime/Content/gltf/MaterialInstances_SG/MI_Opaque_ClearCoat.uasset" 878
"../../../Engine/Plugins/Interchange/Runtime/Content/gltf/MaterialInstances_SG/MI_Opaque_ClearCoat.uexp" 879
"C:/Users/nktri/Documents/Unreal Projects/HumberGameJam/Content/FirstPerson/Maps/menu_BuiltData.uasset" 880
"C:/Users/nktri/Documents/Unreal Projects/HumberGameJam/Content/FirstPerson/Maps/menu_BuiltData.uexp" 881
"C:/Users/nktri/Documents/Unreal Projects/HumberGameJam/Content/FirstPerson/Blueprints/Credit.uasset" 882
"C:/Users/nktri/Documents/Unreal Projects/HumberGameJam/Content/FirstPerson/Blueprints/Credit.uexp" 883
"C:/Users/nktri/Documents/Unreal Projects/HumberGameJam/Content/FirstPerson/Blueprints/MenuWidget.uasset" 884
"C:/Users/nktri/Documents/Unreal Projects/HumberGameJam/Content/FirstPerson/Blueprints/MenuWidget.uexp" 885
"C:/Users/nktri/Documents/Unreal Projects/HumberGameJam/Content/FirstPerson/Maps/menu.uexp" 886
"C:/Users/nktri/Documents/Unreal Projects/HumberGameJam/Content/FirstPerson/Maps/menu.umap" 887
"C:/Users/nktri/Documents/Unreal Projects/HumberGameJam/Content/FirstPerson/Blueprints/BP_FirstPersonGameMode.uasset" 888
"C:/Users/nktri/Documents/Unreal Projects/HumberGameJam/Content/FirstPerson/Blueprints/BP_FirstPersonGameMode.uexp" 889
"../../../Engine/Content/Maps/Templates/HLODs/HLODLayer_Instanced.uasset" 890
"../../../Engine/Content/Maps/Templates/HLODs/HLODLayer_Instanced.uexp" 891
"C:/Users/nktri/Documents/Unreal Projects/HumberGameJam/Content/FirstPerson/Maps/FirstPersonMap_3.uexp" 892
"C:/Users/nktri/Documents/Unreal Projects/HumberGameJam/Content/FirstPerson/Maps/FirstPersonMap_3.umap" 893
"C:/Users/nktri/Documents/Unreal Projects/HumberGameJam/Content/FirstPerson/Maps/FirstPersonMap_2.uexp" 894
"C:/Users/nktri/Documents/Unreal Projects/HumberGameJam/Content/FirstPerson/Maps/FirstPersonMap_2.umap" 895
"C:/Users/nktri/Documents/Unreal Projects/HumberGameJam/Content/FirstPerson/Blueprints/Intruction.uasset" 896
"C:/Users/nktri/Documents/Unreal Projects/HumberGameJam/Content/FirstPerson/Blueprints/Intruction.uexp" 897
"C:/Users/nktri/Documents/Unreal Projects/HumberGameJam/Content/FirstPerson/Maps/FirstPersonMap.uexp" 898
"C:/Users/nktri/Documents/Unreal Projects/HumberGameJam/Content/FirstPerson/Maps/FirstPersonMap.umap" 899
"../../../Engine/Content/Maps/Entry_BuiltData.uasset" 900
"../../../Engine/Content/Maps/Entry_BuiltData.uexp" 901
"../../../Engine/Content/Maps/Entry.uexp" 902
"../../../Engine/Content/Maps/Entry.umap" 903
